\BOOKMARK [1][-]{section*.1}{Contents}{}% 1
\BOOKMARK [1][-]{section.1}{Introduction}{}% 2
\BOOKMARK [2][-]{subsection.1.1}{Objective of this thesis}{section.1}% 3
\BOOKMARK [2][-]{subsection.1.2}{Thesis outline}{section.1}% 4
\BOOKMARK [2][-]{subsection.1.3}{State of the art}{section.1}% 5
\BOOKMARK [1][-]{section.2}{The BGK Equation}{}% 6
\BOOKMARK [2][-]{subsection.2.1}{Macroscopic features of Hydrodynamic and Rarefied Gas Flows in the SOD-Shock Tube}{section.2}% 7
\BOOKMARK [1][-]{section.3}{Deep learning}{}% 8
\BOOKMARK [2][-]{subsection.3.1}{Autoencoders}{section.3}% 9
\BOOKMARK [3][-]{subsubsection.3.1.1}{Hyperparameters for the Fully Connected Autoencoder}{subsection.3.1}% 10
\BOOKMARK [3][-]{subsubsection.3.1.2}{Hyperparameters for the Convolutional Autoencoder}{subsection.3.1}% 11
\BOOKMARK [1][-]{section.4}{Reduced Order Model}{}% 12
\BOOKMARK [2][-]{subsection.4.1}{Offline Phase}{section.4}% 13
\BOOKMARK [3][-]{subsubsection.4.1.1}{Full order BGK model}{subsection.4.1}% 14
\BOOKMARK [3][-]{subsubsection.4.1.2}{Reduced Basis by POD and Autoencoder}{subsection.4.1}% 15
\BOOKMARK [2][-]{subsection.4.2}{Online Phase}{section.4}% 16
\BOOKMARK [3][-]{subsubsection.4.2.1}{Reduced Order Model}{subsection.4.2}% 17
\BOOKMARK [1][-]{section.5}{Results}{}% 18
\BOOKMARK [2][-]{subsection.5.1}{Hydrodynamic Regime}{section.5}% 19
\BOOKMARK [2][-]{subsection.5.2}{Rarefied Regime}{section.5}% 20
\BOOKMARK [2][-]{subsection.5.3}{Discussion and Outlook}{section.5}% 21
\BOOKMARK [1][-]{section*.2}{References}{}% 22
\BOOKMARK [2][-]{subsection.5.4}{Appendix A}{section*.2}% 23
