This is LuaTeX, Version 1.10.0 (TeX Live 2019/Debian)  (format=lualatex 2020.12.7)  18 APR 2021 18:56
 system commands enabled.
**Kernel.tex Kernel.tex
(./Kernel.tex
LaTeX2e <2020-02-02> patch level 2
Lua module: luaotfload-main 2020-02-02 3.12 luaotfload entry point
Lua module: luaotfload-init 2020-02-02 3.12 luaotfload submodule / initializatio
n
Lua module: lualibs 2020-02-02 2.70 ConTeXt Lua standard libraries.
Lua module: lualibs-extended 2020-02-02 2.70 ConTeXt Lua libraries -- extended c
ollection.
Lua module: luaotfload-log 2020-02-02 3.12 luaotfload submodule / logging
Lua module: luaotfload-parsers 2020-02-02 3.12 luaotfload submodule / filelist
Lua module: luaotfload-configuration 2020-02-02 3.12 luaotfload submodule / conf
ig file reader
luaotfload | conf : Root cache directory is /home/zachi/.texlive2019/texmf-var/l
uatex-cache/generic-dev/names.
luaotfload | init : Loading fontloader “fontloader-2020-01-26.lua” from kpse
-resolved path “/usr/share/texlive/texmf-dist/tex/luatex/luaotfload/fontloader
-2020-01-26.lua”.
Lua-only attribute luaotfload@state = 2
Lua-only attribute luaotfload@noligature = 3
Lua-only attribute luaotfload@syllabe = 4
luaotfload | init : Context OpenType loader version “3.11”
Inserting `luaotfload.node_processor' at position 1 in `pre_linebreak_filter'.
Inserting `luaotfload.node_processor' at position 1 in `hpack_filter'.
Lua module: luaotfload-loaders 2020-02-02 3.12 luaotfload submodule / callback h
andling
Inserting `luaotfload.define_font' at position 1 in `define_font'.
Lua module: luaotfload-database 2020-02-02 3.12 luaotfload submodule / database
Lua module: luaotfload-unicode 2020-02-02 3.12 luaotfload submodule / Unicode he
lpers
Lua module: luaotfload-colors 2020-02-02 3.12 luaotfload submodule / color
Lua-only attribute luaotfload_color_attribute = 5
Lua module: luaotfload-resolvers 2020-02-02 3.12 luaotfload submodule / resolver
s
luaotfload | conf : Root cache directory is /home/zachi/.texlive2019/texmf-var/l
uatex-cache/generic-dev/names.
Lua module: luaotfload-features 2020-02-02 3.12 luaotfload submodule / features
Lua module: luaotfload-letterspace 2020-02-02 3.12 luaotfload submodule / color
Lua module: luaotfload-embolden 2020-02-02 3.12 luaotfload submodule / color
Lua module: luaotfload-notdef 2020-02-02 3.12 luaotfload submodule / color
Lua module: luaotfload-auxiliary 2020-02-02 3.12 luaotfload submodule / auxiliar
y functions
Inserting `luaotfload.aux.set_sscale_dimens' at position 1 in `luaotfload.patch_
font'.
Inserting `luaotfload.aux.set_font_index' at position 2 in `luaotfload.patch_fon
t'.
Inserting `luaotfload.aux.patch_cambria_domh' at position 3 in `luaotfload.patch
_font'.
Inserting `luaotfload.aux.fixup_fontdata' at position 1 in `luaotfload.patch_fon
t_unsafe'.
Inserting `luaotfload.aux.set_capheight' at position 4 in `luaotfload.patch_font
'.
Inserting `luaotfload.aux.set_xheight' at position 5 in `luaotfload.patch_font'.
Lua module: luaotfload-fallback 2020-02-02 3.12 luaotfload submodule / fallback
Lua module: luaotfload-multiscript 2020-02-02 3.12 luaotfload submodule / multis
cript
Lua module: luaotfload-script 2020-02-02 3.12 luaotfload submodule / Script help
ers
Lua module: luaotfload-tounicode 2020-02-02 3.12 luaotfload submodule / tounicod
e
Inserting `luaotfload.rewrite_fontname' at position 6 in `luaotfload.patch_font'
. L3 programming layer <2020-02-14>

! LaTeX Error: Environment tikzpicture undefined.

See the LaTeX manual or LaTeX Companion for explanation.
Type  H <return>  for immediate help.
 ...                                              
                                                  
l.3 \begin{tikzpicture}
                     []
Your command was ignored.
Type  I <command> <return>  to replace it with another command,
or  <return>  to continue without it.


! LaTeX Error: Missing \begin{document}.

See the LaTeX manual or LaTeX Companion for explanation.
Type  H <return>  for immediate help.
 ...                                              
                                                  
l.3 \begin{tikzpicture}[
                      ]
You're in trouble here.  Try typing  <return>  to proceed.
If that doesn't work, type  X <return>  to quit.

! Undefined control sequence.
l.5 	\node
         at (0.5,-1){\begin{tabular}{c}input\end{tabular}};
The control sequence at the end of the top line
of your error message was never \def'ed. If you have
misspelled it (e.g., `\hobx'), type `I' and the correct
spelling (e.g., `I\hbox'). Otherwise just continue,
and I'll forget about whatever was undefined.

LaTeX Font Info:    External font `cmex10' loaded for size
(Font)              <7> on input line 5.
LaTeX Font Info:    External font `cmex10' loaded for size
(Font)              <5> on input line 5.
! Undefined control sequence.
l.6 	\draw
         (0,0) rectangle (1,1);
The control sequence at the end of the top line
of your error message was never \def'ed. If you have
misspelled it (e.g., `\hobx'), type `I' and the correct
spelling (e.g., `I\hbox'). Otherwise just continue,
and I'll forget about whatever was undefined.

! Undefined control sequence.
l.8 	\draw
        [fill=color0,draw=black] (2.25,0.75) rectangle (3.25,1.75);
The control sequence at the end of the top line
of your error message was never \def'ed. If you have
misspelled it (e.g., `\hobx'), type `I' and the correct
spelling (e.g., `I\hbox'). Otherwise just continue,
and I'll forget about whatever was undefined.

! Undefined control sequence.
l.9 	\draw
        [fill=color0,draw=black] (2,0.5) rectangle (3,1.5);
The control sequence at the end of the top line
of your error message was never \def'ed. If you have
misspelled it (e.g., `\hobx'), type `I' and the correct
spelling (e.g., `I\hbox'). Otherwise just continue,
and I'll forget about whatever was undefined.

! Undefined control sequence.
l.10 	\draw
         [fill=color0,draw=black] (1.75,0.25) rectangle (2.75,1.25);
The control sequence at the end of the top line
of your error message was never \def'ed. If you have
misspelled it (e.g., `\hobx'), type `I' and the correct
spelling (e.g., `I\hbox'). Otherwise just continue,
and I'll forget about whatever was undefined.

! Undefined control sequence.
l.11 	\draw
         [fill=color0,draw=black] (1.5,0) rectangle (2.5,1);
The control sequence at the end of the top line
of your error message was never \def'ed. If you have
misspelled it (e.g., `\hobx'), type `I' and the correct
spelling (e.g., `I\hbox'). Otherwise just continue,
and I'll forget about whatever was undefined.

! Undefined control sequence.
l.13 	\node
          at (4.5,-1){\begin{tabular}{c}feature maps\\layer $l = 3$\end{tabu...
The control sequence at the end of the top line
of your error message was never \def'ed. If you have
misspelled it (e.g., `\hobx'), type `I' and the correct
spelling (e.g., `I\hbox'). Otherwise just continue,
and I'll forget about whatever was undefined.


Overfull \hbox (20.0pt too wide) in paragraph at lines 3--14
[][]
 []


Overfull \hbox (21.51382pt too wide) in paragraph at lines 3--14
1)[]; 
 []

! Undefined control sequence.
l.15 	\draw
         [fill=color0,draw=black] (5,1.25) rectangle (5.75,2);
The control sequence at the end of the top line
of your error message was never \def'ed. If you have
misspelled it (e.g., `\hobx'), type `I' and the correct
spelling (e.g., `I\hbox'). Otherwise just continue,
and I'll forget about whatever was undefined.


! LaTeX Error: Missing \begin{document}.

See the LaTeX manual or LaTeX Companion for explanation.
Type  H <return>  for immediate help.
 ...                                              
                                                  
l.15 	\draw[
          fill=color0,draw=black] (5,1.25) rectangle (5.75,2);
You're in trouble here.  Try typing  <return>  to proceed.
If that doesn't work, type  X <return>  to quit.

! Undefined control sequence.
l.16 	\draw
         [fill=color0,draw=black] (4.75,1) rectangle (5.5,1.75);
The control sequence at the end of the top line
of your error message was never \def'ed. If you have
misspelled it (e.g., `\hobx'), type `I' and the correct
spelling (e.g., `I\hbox'). Otherwise just continue,
and I'll forget about whatever was undefined.

! Undefined control sequence.
l.17 	\draw
         [fill=color0,draw=black] (4.5,0.75) rectangle (5.25,1.5);
The control sequence at the end of the top line
of your error message was never \def'ed. If you have
misspelled it (e.g., `\hobx'), type `I' and the correct
spelling (e.g., `I\hbox'). Otherwise just continue,
and I'll forget about whatever was undefined.

! Undefined control sequence.
l.18 	\draw
         [fill=color0,draw=black] (4.25,0.5) rectangle (5,1.25);
The control sequence at the end of the top line
of your error message was never \def'ed. If you have
misspelled it (e.g., `\hobx'), type `I' and the correct
spelling (e.g., `I\hbox'). Otherwise just continue,
and I'll forget about whatever was undefined.

! Undefined control sequence.
l.19 	\draw
         [fill=color0,draw=black] (4,0.25) rectangle (4.75,1);
The control sequence at the end of the top line
of your error message was never \def'ed. If you have
misspelled it (e.g., `\hobx'), type `I' and the correct
spelling (e.g., `I\hbox'). Otherwise just continue,
and I'll forget about whatever was undefined.

! Undefined control sequence.
l.20 	\draw
         [fill=color0,draw=black] (3.75,0) rectangle (4.5,0.75);
The control sequence at the end of the top line
of your error message was never \def'ed. If you have
misspelled it (e.g., `\hobx'), type `I' and the correct
spelling (e.g., `I\hbox'). Otherwise just continue,
and I'll forget about whatever was undefined.

! Undefined control sequence.
l.22 	\draw
         [fill=color0,draw=black] (7.5,1.75) rectangle (8.0,2.25);
The control sequence at the end of the top line
of your error message was never \def'ed. If you have
misspelled it (e.g., `\hobx'), type `I' and the correct
spelling (e.g., `I\hbox'). Otherwise just continue,
and I'll forget about whatever was undefined.

! Undefined control sequence.
l.23 	\draw
         [fill=color0,draw=black] (7.25,1.5) rectangle (7.75,2.0);
The control sequence at the end of the top line
of your error message was never \def'ed. If you have
misspelled it (e.g., `\hobx'), type `I' and the correct
spelling (e.g., `I\hbox'). Otherwise just continue,
and I'll forget about whatever was undefined.

! Undefined control sequence.
l.24 	\draw
         [fill=color0,draw=black] (7,1.25) rectangle (7.5,1.75);
The control sequence at the end of the top line
of your error message was never \def'ed. If you have
misspelled it (e.g., `\hobx'), type `I' and the correct
spelling (e.g., `I\hbox'). Otherwise just continue,
and I'll forget about whatever was undefined.

! Undefined control sequence.
l.25 	\draw
         [fill=color0,draw=black] (6.75,1) rectangle (7.25,1.5);
The control sequence at the end of the top line
of your error message was never \def'ed. If you have
misspelled it (e.g., `\hobx'), type `I' and the correct
spelling (e.g., `I\hbox'). Otherwise just continue,
and I'll forget about whatever was undefined.

! Undefined control sequence.
l.26 	\draw
         [fill=color0,draw=black] (6.5,0.75) rectangle (7.0,1.25);
The control sequence at the end of the top line
of your error message was never \def'ed. If you have
misspelled it (e.g., `\hobx'), type `I' and the correct
spelling (e.g., `I\hbox'). Otherwise just continue,
and I'll forget about whatever was undefined.

! Undefined control sequence.
l.27 	\draw
         [fill=color0,draw=black] (6.25,0.5) rectangle (6.75,1.0);
The control sequence at the end of the top line
of your error message was never \def'ed. If you have
misspelled it (e.g., `\hobx'), type `I' and the correct
spelling (e.g., `I\hbox'). Otherwise just continue,
and I'll forget about whatever was undefined.

! Undefined control sequence.
l.28 	\draw
         [fill=color0,draw=black] (6,0.25) rectangle (6.5,.75);
The control sequence at the end of the top line
of your error message was never \def'ed. If you have
misspelled it (e.g., `\hobx'), type `I' and the correct
spelling (e.g., `I\hbox'). Otherwise just continue,
and I'll forget about whatever was undefined.

! Undefined control sequence.
l.29 	\draw
         [fill=color0,draw=black] (5.75,0) rectangle (6.25,0.5);
The control sequence at the end of the top line
of your error message was never \def'ed. If you have
misspelled it (e.g., `\hobx'), type `I' and the correct
spelling (e.g., `I\hbox'). Otherwise just continue,
and I'll forget about whatever was undefined.

! Undefined control sequence.
l.31 	\node
          at (9.5,-1){\begin{tabular}{c}subsampling layer\\layer $l = 6$\end...
The control sequence at the end of the top line
of your error message was never \def'ed. If you have
misspelled it (e.g., `\hobx'), type `I' and the correct
spelling (e.g., `I\hbox'). Otherwise just continue,
and I'll forget about whatever was undefined.


Overfull \hbox (20.0pt too wide) in paragraph at lines 15--32
[][fill=color0,draw=black]
 []


Overfull \hbox (21.51382pt too wide) in paragraph at lines 15--32
1)[]; 
 []

! Undefined control sequence.
l.33 	\draw
         [fill=color0,draw=black] (9,1.75) rectangle (9.3,2.05);
The control sequence at the end of the top line
of your error message was never \def'ed. If you have
misspelled it (e.g., `\hobx'), type `I' and the correct
spelling (e.g., `I\hbox'). Otherwise just continue,
and I'll forget about whatever was undefined.


! LaTeX Error: Missing \begin{document}.

See the LaTeX manual or LaTeX Companion for explanation.
Type  H <return>  for immediate help.
 ...                                              
                                                  
l.33 	\draw[
          fill=color0,draw=black] (9,1.75) rectangle (9.3,2.05);
You're in trouble here.  Try typing  <return>  to proceed.
If that doesn't work, type  X <return>  to quit.

! Undefined control sequence.
l.34 	\draw
         [fill=color0,draw=black] (8.75,1.5) rectangle (9.05,1.8);
The control sequence at the end of the top line
of your error message was never \def'ed. If you have
misspelled it (e.g., `\hobx'), type `I' and the correct
spelling (e.g., `I\hbox'). Otherwise just continue,
and I'll forget about whatever was undefined.

! Undefined control sequence.
l.35 	\draw
         [fill=color0,draw=black] (8.5,1.25) rectangle (8.8,1.55);
The control sequence at the end of the top line
of your error message was never \def'ed. If you have
misspelled it (e.g., `\hobx'), type `I' and the correct
spelling (e.g., `I\hbox'). Otherwise just continue,
and I'll forget about whatever was undefined.

! Undefined control sequence.
l.36 	\draw
         [fill=color0,draw=black] (8.25,1) rectangle (8.55,1.3);
The control sequence at the end of the top line
of your error message was never \def'ed. If you have
misspelled it (e.g., `\hobx'), type `I' and the correct
spelling (e.g., `I\hbox'). Otherwise just continue,
and I'll forget about whatever was undefined.

! Undefined control sequence.
l.37 	\draw
         [fill=color0,draw=black] (8,0.75) rectangle (8.3,1.05);
The control sequence at the end of the top line
of your error message was never \def'ed. If you have
misspelled it (e.g., `\hobx'), type `I' and the correct
spelling (e.g., `I\hbox'). Otherwise just continue,
and I'll forget about whatever was undefined.

! Undefined control sequence.
l.38 	\draw
         [fill=color0,draw=black] (7.75,0.5) rectangle (8.05,0.8);
The control sequence at the end of the top line
of your error message was never \def'ed. If you have
misspelled it (e.g., `\hobx'), type `I' and the correct
spelling (e.g., `I\hbox'). Otherwise just continue,
and I'll forget about whatever was undefined.

! Undefined control sequence.
l.39 	\draw
         [fill=color0,draw=black] (7.5,0.25) rectangle (7.8,0.55);
The control sequence at the end of the top line
of your error message was never \def'ed. If you have
misspelled it (e.g., `\hobx'), type `I' and the correct
spelling (e.g., `I\hbox'). Otherwise just continue,
and I'll forget about whatever was undefined.

! Undefined control sequence.
l.40 	\draw
         [fill=color0,draw=black] (7.25,0) rectangle (7.55,0.3);
The control sequence at the end of the top line
of your error message was never \def'ed. If you have
misspelled it (e.g., `\hobx'), type `I' and the correct
spelling (e.g., `I\hbox'). Otherwise just continue,
and I'll forget about whatever was undefined.


Overfull \hbox (20.0pt too wide) in paragraph at lines 33--41
[][fill=color0,draw=black]
 []

! Undefined control sequence.
l.42 	\draw
         [fill=black,draw=black,opacity=0.5] (8.5,0) -- (9,0) -- (10.5,1.75)...
The control sequence at the end of the top line
of your error message was never \def'ed. If you have
misspelled it (e.g., `\hobx'), type `I' and the correct
spelling (e.g., `I\hbox'). Otherwise just continue,
and I'll forget about whatever was undefined.


! LaTeX Error: Missing \begin{document}.

See the LaTeX manual or LaTeX Companion for explanation.
Type  H <return>  for immediate help.
 ...                                              
                                                  
l.42 	\draw[
          fill=black,draw=black,opacity=0.5] (8.5,0) -- (9,0) -- (10.5,1.75)...
You're in trouble here.  Try typing  <return>  to proceed.
If that doesn't work, type  X <return>  to quit.


Overfull \hbox (20.0pt too wide) in paragraph at lines 42--43
[][fill=black,draw=black,opacity=0.5]
 []

! Undefined control sequence.
l.44 	\node
          at (13,-1){\begin{tabular}{c}fully connected layer\\output layer $...
The control sequence at the end of the top line
of your error message was never \def'ed. If you have
misspelled it (e.g., `\hobx'), type `I' and the correct
spelling (e.g., `I\hbox'). Otherwise just continue,
and I'll forget about whatever was undefined.


! LaTeX Error: Missing \begin{document}.

See the LaTeX manual or LaTeX Companion for explanation.
Type  H <return>  for immediate help.
 ...                                              
                                                  
l.44 	\node a
           t (13,-1){\begin{tabular}{c}fully connected layer\\output layer $...
You're in trouble here.  Try typing  <return>  to proceed.
If that doesn't work, type  X <return>  to quit.


Overfull \hbox (20.0pt too wide) in paragraph at lines 44--45
[]at
 []


Overfull \hbox (21.51382pt too wide) in paragraph at lines 44--45
1)[]; 
 []

! Undefined control sequence.
l.46 	\draw
         [fill=black,draw=black,opacity=0.5] (10.5,0.5) -- (11,0.5) -- (11.6...
The control sequence at the end of the top line
of your error message was never \def'ed. If you have
misspelled it (e.g., `\hobx'), type `I' and the correct
spelling (e.g., `I\hbox'). Otherwise just continue,
and I'll forget about whatever was undefined.


! LaTeX Error: Missing \begin{document}.

See the LaTeX manual or LaTeX Companion for explanation.
Type  H <return>  for immediate help.
 ...                                              
                                                  
l.46 	\draw[
          fill=black,draw=black,opacity=0.5] (10.5,0.5) -- (11,0.5) -- (11.6...
You're in trouble here.  Try typing  <return>  to proceed.
If that doesn't work, type  X <return>  to quit.


! LaTeX Error: \begin{document} ended by \end{tikzpicture}.

See the LaTeX manual or LaTeX Companion for explanation.
Type  H <return>  for immediate help.
 ...                                              
                                                  
l.47 \end{tikzpicture}
                    
Your command was ignored.
Type  I <command> <return>  to replace it with another command,
or  <return>  to continue without it.

)
! Emergency stop.
<*> Kernel.tex Kernel.tex
                      
*** (job aborted, no legal \end found)



Here is how much of LuaTeX's memory you used:
 34 strings out of 481365
 100000,319454 words of node,token memory allocated 14704 words of node memory still in use:
   40 hlist, 4 vlist, 7 rule, 4 disc, 6 local_par, 1 dir, 14 math, 235 glue, 6 k
ern, 14 penalty, 1702 glyph, 42 attribute, 39 glue_spec, 42 attribute_list, 1 te
mp nodes
   avail lists: 3:1,4:58,5:8,8:3,10:57
 17248 multiletter control sequences out of 65536+600000
 34 fonts using 3749011 bytes
 19i,7n,15p,134b,103s stack positions out of 5000i,500n,10000p,200000b,100000s
!  ==> Fatal error occurred, no output PDF file produced!
