This is LuaTeX, Version 1.10.0 (TeX Live 2019/Debian)  (format=lualatex 2021.6.7)  21 JUN 2021 18:19
 system commands enabled.
**\def\tikzexternalrealjob{master}\input{master}
[\directlua]:1: module 'luaotfload-main' not found:
	no field package.preload['luaotfload-main']
	[kpse lua searcher] file not found: 'luaotfload-main'
	[kpse C searcher] file not found: 'luaotfload-main'
Error in luaotfload: reverting to OT1
(./master.tex (./other/preamble.tex (/usr/share/texlive/texmf-dist/tex/latex/ba
se/book.cls
Document Class: book 2019/12/20 v1.4l Standard LaTeX document class
(/usr/share/texlive/texmf-dist/tex/latex/base/bk11.clo
File: bk11.clo 2019/12/20 v1.4l Standard LaTeX file (size option)
LaTeX Font Info:    Trying to load font information for OT1+lmr on input line 54
.
(/usr/share/texmf/tex/latex/lm/ot1lmr.fd
File: ot1lmr.fd 2009/10/30 v1.6 Font defs for Latin Modern
))
\c@part=\count163
\c@chapter=\count164
\c@section=\count165
\c@subsection=\count166
\c@subsubsection=\count167
\c@paragraph=\count168
\c@subparagraph=\count169
\c@figure=\count170
\c@table=\count171
\abovecaptionskip=\skip47
\belowcaptionskip=\skip48
\bibindent=\dimen134
) (/usr/share/texlive/texmf-dist/tex/generic/babel/babel.sty
Package: babel 2020/02/14 3.40 The Babel package
(/usr/share/texlive/texmf-dist/tex/generic/babel/switch.def
File: switch.def 2020/02/14 3.40 Babel switching mechanism
) (/usr/share/texlive/texmf-dist/tex/generic/babel/luababel.def
\bbl@readstream=\read2
\l@dumylang=\language2
Package babel Info: Non-standard hyphenation setup on input line 117.
\l@nohyphenation=\language3
\l@ngerman-x-2019-04-04=\language4
\l@german-x-2019-04-04=\language5
\l@ancientgreek=\language6
\l@monogreek=\language7
\l@german=\language8
\l@ngerman=\language9
\l@greek=\language10
\l@swissgerman=\language11
\l@ibycus=\language12
) (/usr/share/texlive/texmf-dist/tex/generic/babel-english/english.ldf
Language: english 2017/06/06 v3.3r English support from the babel system
(/usr/share/texlive/texmf-dist/tex/generic/babel/babel.def
File: babel.def 2020/02/14 3.40 Babel common definitions
\babel@savecnt=\count172
\U@D=\dimen135
(/usr/share/texlive/texmf-dist/tex/generic/babel/luababel.def
\bbl@attr@locale=\attribute2
))
Package babel Info: \l@british = using hyphenrules for english
(babel)             (\language0) on input line 82.
Package babel Info: \l@UKenglish = using hyphenrules for english
(babel)             (\language0) on input line 83.
Package babel Info: \l@canadian = using hyphenrules for english
(babel)             (\language0) on input line 102.
Package babel Info: \l@australian = using hyphenrules for english
(babel)             (\language0) on input line 105.
Package babel Info: \l@newzealand = using hyphenrules for english
(babel)             (\language0) on input line 108.
)) (/usr/share/texlive/texmf-dist/tex/latex/dblfloatfix/dblfloatfix.sty
Package: dblfloatfix 2012/12/31 v1.0a (JAW)
(/usr/share/texlive/texmf-dist/tex/latex/base/fixltx2e.sty
Package: fixltx2e 2016/12/29 v2.1a fixes to LaTeX (obsolete)
Applying: [2015/01/01] Old fixltx2e package on input line 46.

Package fixltx2e Warning: fixltx2e is not required with releases after 2015
(fixltx2e)                All fixes are now in the LaTeX kernel.
(fixltx2e)                See the latexrelease package for details.

Already applied: [0000/00/00] Old fixltx2e package on input line 53.
)
\@dblbotnum=\count173
\c@dblbotnumber=\count174
) (/usr/share/texlive/texmf-dist/tex/latex/doublestroke/dsfont.sty
Package: dsfont 1995/08/01 v0.1 Double stroke roman fonts
) (/usr/share/texlive/texmf-dist/tex/latex/base/exscale.sty
Package: exscale 2018/09/24 v2.1i Standard LaTeX package exscale
LaTeX Font Info:    Redeclaring symbol font `largesymbols' on input line 57.
LaTeX Font Info:    Overwriting symbol font `largesymbols' in version `normal'
(Font)                  OMX/cmex/m/n --> OMX/cmex/m/n on input line 57.
LaTeX Font Info:    Overwriting symbol font `largesymbols' in version `bold'
(Font)                  OMX/cmex/m/n --> OMX/cmex/m/n on input line 57.
\big@size=\dimen136
) (/usr/share/texlive/texmf-dist/tex/latex/jknapltx/mathrsfs.sty
Package: mathrsfs 1996/01/01 Math RSFS package v1.0 (jk)
\symrsfs=\mathgroup4
) (/usr/share/texlive/texmf-dist/tex/latex/base/fontenc.sty
Package: fontenc 2020/02/11 v2.0o Standard LaTeX package
LaTeX Font Info:    Trying to load font information for T1+lmr on input line 112
.
(/usr/share/texmf/tex/latex/lm/t1lmr.fd
File: t1lmr.fd 2009/10/30 v1.6 Font defs for Latin Modern
)) (/usr/share/texlive/texmf-dist/tex/latex/base/inputenc.sty
Package: inputenc 2018/08/11 v1.3c Input encoding file
\inpenc@prehook=\toks14
\inpenc@posthook=\toks15

Package inputenc Warning: inputenc package ignored with utf8 based engines.

) (/usr/share/texmf/tex/latex/lm/lmodern.sty
Package: lmodern 2009/10/30 v1.6 Latin Modern Fonts
LaTeX Font Info:    Overwriting symbol font `operators' in version `normal'
(Font)                  OT1/cmr/m/n --> OT1/lmr/m/n on input line 22.
LaTeX Font Info:    Overwriting symbol font `letters' in version `normal'
(Font)                  OML/cmm/m/it --> OML/lmm/m/it on input line 23.
LaTeX Font Info:    Overwriting symbol font `symbols' in version `normal'
(Font)                  OMS/cmsy/m/n --> OMS/lmsy/m/n on input line 24.
LaTeX Font Info:    Overwriting symbol font `largesymbols' in version `normal'
(Font)                  OMX/cmex/m/n --> OMX/lmex/m/n on input line 25.
LaTeX Font Info:    Overwriting symbol font `operators' in version `bold'
(Font)                  OT1/cmr/bx/n --> OT1/lmr/bx/n on input line 26.
LaTeX Font Info:    Overwriting symbol font `letters' in version `bold'
(Font)                  OML/cmm/b/it --> OML/lmm/b/it on input line 27.
LaTeX Font Info:    Overwriting symbol font `symbols' in version `bold'
(Font)                  OMS/cmsy/b/n --> OMS/lmsy/b/n on input line 28.
LaTeX Font Info:    Overwriting symbol font `largesymbols' in version `bold'
(Font)                  OMX/cmex/m/n --> OMX/lmex/m/n on input line 29.
LaTeX Font Info:    Overwriting math alphabet `\mathbf' in version `normal'
(Font)                  OT1/cmr/bx/n --> OT1/lmr/bx/n on input line 31.
LaTeX Font Info:    Overwriting math alphabet `\mathsf' in version `normal'
(Font)                  OT1/cmss/m/n --> OT1/lmss/m/n on input line 32.
LaTeX Font Info:    Overwriting math alphabet `\mathit' in version `normal'
(Font)                  OT1/cmr/m/it --> OT1/lmr/m/it on input line 33.
LaTeX Font Info:    Overwriting math alphabet `\mathtt' in version `normal'
(Font)                  OT1/cmtt/m/n --> OT1/lmtt/m/n on input line 34.
LaTeX Font Info:    Overwriting math alphabet `\mathbf' in version `bold'
(Font)                  OT1/cmr/bx/n --> OT1/lmr/bx/n on input line 35.
LaTeX Font Info:    Overwriting math alphabet `\mathsf' in version `bold'
(Font)                  OT1/cmss/bx/n --> OT1/lmss/bx/n on input line 36.
LaTeX Font Info:    Overwriting math alphabet `\mathit' in version `bold'
(Font)                  OT1/cmr/bx/it --> OT1/lmr/bx/it on input line 37.
LaTeX Font Info:    Overwriting math alphabet `\mathtt' in version `bold'
(Font)                  OT1/cmtt/m/n --> OT1/lmtt/m/n on input line 38.
) (/usr/share/texlive/texmf-dist/tex/latex/graphics/graphicx.sty
Package: graphicx 2019/11/30 v1.2a Enhanced LaTeX Graphics (DPC,SPQR)
(/usr/share/texlive/texmf-dist/tex/latex/graphics/keyval.sty
Package: keyval 2014/10/28 v1.15 key=value parser (DPC)
\KV@toks@=\toks16
) (/usr/share/texlive/texmf-dist/tex/latex/graphics/graphics.sty
Package: graphics 2019/11/30 v1.4a Standard LaTeX Graphics (DPC,SPQR)
(/usr/share/texlive/texmf-dist/tex/latex/graphics/trig.sty
Package: trig 2016/01/03 v1.10 sin cos tan (DPC)
) (/usr/share/texlive/texmf-dist/tex/latex/graphics-cfg/graphics.cfg
File: graphics.cfg 2016/06/04 v1.11 sample graphics configuration
)
Package graphics Info: Driver file: luatex.def on input line 105.
(/usr/share/texlive/texmf-dist/tex/latex/graphics-def/luatex.def
File: luatex.def 2018/01/08 v1.0l Graphics/color driver for luatex
))
\Gin@req@height=\dimen137
\Gin@req@width=\dimen138
) (/usr/share/texlive/texmf-dist/tex/latex/mdwtools/footnote.sty
Package: footnote 1997/01/28 1.13 Save footnotes around boxes
\fn@notes=\box45
\fn@width=\dimen139
) (/usr/share/texlive/texmf-dist/tex/latex/hyperref/hyperref.sty
Package: hyperref 2020/01/14 v7.00d Hypertext links for LaTeX
(/usr/share/texlive/texmf-dist/tex/generic/ltxcmds/ltxcmds.sty
Package: ltxcmds 2019/12/15 v1.24 LaTeX kernel commands for general use (HO)
) (/usr/share/texlive/texmf-dist/tex/generic/iftex/iftex.sty
Package: iftex 2019/11/07 v1.0c TeX engine tests
) (/usr/share/texlive/texmf-dist/tex/latex/pdftexcmds/pdftexcmds.sty
Package: pdftexcmds 2019/11/24 v0.31 Utility functions of pdfTeX for LuaTeX (HO)

(/usr/share/texlive/texmf-dist/tex/generic/infwarerr/infwarerr.sty
Package: infwarerr 2019/12/03 v1.5 Providing info/warning/error messages (HO)
)
Package pdftexcmds Info: \pdf@primitive is available.
Package pdftexcmds Info: \pdf@ifprimitive is available.
Package pdftexcmds Info: \pdfdraftmode found.
\pdftexcmds@toks=\toks17
) (/usr/share/texlive/texmf-dist/tex/generic/kvsetkeys/kvsetkeys.sty
Package: kvsetkeys 2019/12/15 v1.18 Key value parser (HO)
) (/usr/share/texlive/texmf-dist/tex/generic/kvdefinekeys/kvdefinekeys.sty
Package: kvdefinekeys 2019-12-19 v1.6 Define keys (HO)
) (/usr/share/texlive/texmf-dist/tex/generic/pdfescape/pdfescape.sty
Package: pdfescape 2019/12/09 v1.15 Implements pdfTeX's escape features (HO)
) (/usr/share/texlive/texmf-dist/tex/latex/hycolor/hycolor.sty
Package: hycolor 2020-01-27 v1.10 Color options for hyperref/bookmark (HO)
) (/usr/share/texlive/texmf-dist/tex/latex/letltxmacro/letltxmacro.sty
Package: letltxmacro 2019/12/03 v1.6 Let assignment for LaTeX macros (HO)
) (/usr/share/texlive/texmf-dist/tex/latex/auxhook/auxhook.sty
Package: auxhook 2019-12-17 v1.6 Hooks for auxiliary files (HO)
) (/usr/share/texlive/texmf-dist/tex/latex/kvoptions/kvoptions.sty
Package: kvoptions 2019/11/29 v3.13 Key value format for package options (HO)
)
\@linkdim=\dimen140
\Hy@linkcounter=\count175
\Hy@pagecounter=\count176
(/usr/share/texlive/texmf-dist/tex/latex/hyperref/pd1enc.def
File: pd1enc.def 2020/01/14 v7.00d Hyperref: PDFDocEncoding definition (HO)
) (/usr/share/texlive/texmf-dist/tex/generic/intcalc/intcalc.sty
Package: intcalc 2019/12/15 v1.3 Expandable calculations with integers (HO)
) (/usr/share/texlive/texmf-dist/tex/generic/etexcmds/etexcmds.sty
Package: etexcmds 2019/12/15 v1.7 Avoid name clashes with e-TeX commands (HO)
)
\Hy@SavedSpaceFactor=\count177
Package hyperref Info: Hyper figures OFF on input line 4547.
Package hyperref Info: Link nesting OFF on input line 4552.
Package hyperref Info: Hyper index ON on input line 4555.
Package hyperref Info: Plain pages OFF on input line 4562.
Package hyperref Info: Backreferencing OFF on input line 4567.
Package hyperref Info: Implicit mode ON; LaTeX internals redefined.
Package hyperref Info: Bookmarks ON on input line 4800.
\c@Hy@tempcnt=\count178
(/usr/share/texlive/texmf-dist/tex/latex/url/url.sty
\Urlmuskip=\muskip16
Package: url 2013/09/16  ver 3.4  Verb mode for urls, etc.
)
LaTeX Info: Redefining \url on input line 5159.
\XeTeXLinkMargin=\dimen141
(/usr/share/texlive/texmf-dist/tex/generic/bitset/bitset.sty
Package: bitset 2019/12/09 v1.3 Handle bit-vector datatype (HO)
(/usr/share/texlive/texmf-dist/tex/generic/bigintcalc/bigintcalc.sty
Package: bigintcalc 2019/12/15 v1.5 Expandable calculations on big integers (HO)

))
\Fld@menulength=\count179
\Field@Width=\dimen142
\Fld@charsize=\dimen143
Package hyperref Info: Hyper figures OFF on input line 6430.
Package hyperref Info: Link nesting OFF on input line 6435.
Package hyperref Info: Hyper index ON on input line 6438.
Package hyperref Info: backreferencing OFF on input line 6445.
Package hyperref Info: Link coloring OFF on input line 6450.
Package hyperref Info: Link coloring with OCG OFF on input line 6455.
Package hyperref Info: PDF/A mode OFF on input line 6460.
LaTeX Info: Redefining \ref on input line 6500.
LaTeX Info: Redefining \pageref on input line 6504.
(/usr/share/texlive/texmf-dist/tex/generic/atbegshi/atbegshi.sty
Package: atbegshi 2019/12/05 v1.19 At begin shipout hook (HO)
)
\Hy@abspage=\count180
\c@Item=\count181
\c@Hfootnote=\count182
)
Package hyperref Info: Driver (autodetected): hluatex.
(/usr/share/texlive/texmf-dist/tex/latex/hyperref/hluatex.def
File: hluatex.def 2020/01/14 v7.00d Hyperref driver for luaTeX
(/usr/share/texlive/texmf-dist/tex/latex/hyperref/puenc.def
File: puenc.def 2020/01/14 v7.00d Hyperref: PDF Unicode definition (HO)
) (/usr/share/texlive/texmf-dist/tex/generic/stringenc/stringenc.sty
Package: stringenc 2019/11/29 v1.12 Convert strings between diff. encodings (HO)

) (/usr/share/texlive/texmf-dist/tex/latex/atveryend/atveryend.sty
Package: atveryend 2019-12-11 v1.11 Hooks at the very end of document (HO)
Package atveryend Info: \enddocument detected (standard20110627).
)
\Fld@listcount=\count183
\c@bookmark@seq@number=\count184
(/usr/share/texlive/texmf-dist/tex/latex/rerunfilecheck/rerunfilecheck.sty
Package: rerunfilecheck 2019/12/05 v1.9 Rerun checks for auxiliary files (HO)
(/usr/share/texlive/texmf-dist/tex/generic/uniquecounter/uniquecounter.sty
Package: uniquecounter 2019/12/15 v1.4 Provide unlimited unique counter (HO)
)
Package uniquecounter Info: New unique counter `rerunfilecheck' on input line 28
6.
)
\Hy@SectionHShift=\skip49
) (/usr/share/texlive/texmf-dist/tex/latex/preprint/fullpage.sty
Package: fullpage 1999/02/23 1.1 (PWD)
\FP@margin=\skip50
) (/usr/share/texlive/texmf-dist/tex/latex/amsmath/amsmath.sty
Package: amsmath 2020/01/20 v2.17e AMS math features
\@mathmargin=\skip51
For additional information on amsmath, use the `?' option.
(/usr/share/texlive/texmf-dist/tex/latex/amsmath/amstext.sty
Package: amstext 2000/06/29 v2.01 AMS text
(/usr/share/texlive/texmf-dist/tex/latex/amsmath/amsgen.sty
File: amsgen.sty 1999/11/30 v2.0 generic functions
\@emptytoks=\toks18
\ex@=\dimen144
)) (/usr/share/texlive/texmf-dist/tex/latex/amsmath/amsbsy.sty
Package: amsbsy 1999/11/29 v1.2d Bold Symbols
\pmbraise@=\dimen145
) (/usr/share/texlive/texmf-dist/tex/latex/amsmath/amsopn.sty
Package: amsopn 2016/03/08 v2.02 operator names
)
\inf@bad=\count185
LaTeX Info: Redefining \frac on input line 227.
\uproot@=\count186
\leftroot@=\count187
LaTeX Info: Redefining \overline on input line 389.
\classnum@=\count188
\DOTSCASE@=\count189
LaTeX Info: Redefining \ldots on input line 486.
LaTeX Info: Redefining \dots on input line 489.
LaTeX Info: Redefining \cdots on input line 610.
\Mathstrutbox@=\box46
\strutbox@=\box47
\big@size=\dimen146
LaTeX Font Info:    Redeclaring font encoding OML on input line 733.
LaTeX Font Info:    Redeclaring font encoding OMS on input line 734.
\macc@depth=\count190
\c@MaxMatrixCols=\count191
\dotsspace@=\muskip17
\c@parentequation=\count192
\dspbrk@lvl=\count193
\tag@help=\toks19
\row@=\count194
\column@=\count195
\maxfields@=\count196
\andhelp@=\toks20
\eqnshift@=\dimen147
\alignsep@=\dimen148
\tagshift@=\dimen149
\tagwidth@=\dimen150
\totwidth@=\dimen151
\lineht@=\dimen152
\@envbody=\toks21
\multlinegap=\skip52
\multlinetaggap=\skip53
\mathdisplay@stack=\toks22
LaTeX Info: Redefining \[ on input line 2859.
LaTeX Info: Redefining \] on input line 2860.
) (/usr/share/texlive/texmf-dist/tex/latex/amsfonts/amssymb.sty
Package: amssymb 2013/01/14 v3.01 AMS font symbols
(/usr/share/texlive/texmf-dist/tex/latex/amsfonts/amsfonts.sty
Package: amsfonts 2013/01/14 v3.01 Basic AMSFonts support
\symAMSa=\mathgroup5
\symAMSb=\mathgroup6
LaTeX Font Info:    Redeclaring math symbol \hbar on input line 98.
LaTeX Font Info:    Overwriting math alphabet `\mathfrak' in version `bold'
(Font)                  U/euf/m/n --> U/euf/b/n on input line 106.
)) (/usr/share/texlive/texmf-dist/tex/latex/tools/multicol.sty
Package: multicol 2019/12/09 v1.8y multicolumn formatting (FMi)
\c@tracingmulticols=\count197
\mult@box=\box48
\multicol@leftmargin=\dimen153
\c@unbalance=\count198
\c@collectmore=\count199
\doublecol@number=\count266
\multicoltolerance=\count267
\multicolpretolerance=\count268
\full@width=\dimen154
\page@free=\dimen155
\premulticols=\dimen156
\postmulticols=\dimen157
\multicolsep=\skip54
\multicolbaselineskip=\skip55
\partial@page=\box49
\last@line=\box50
\maxbalancingoverflow=\dimen158
\mult@rightbox=\box51
\mult@grightbox=\box52
\mult@gfirstbox=\box53
\mult@firstbox=\box54
\@tempa=\box55
\@tempa=\box56
\@tempa=\box57
\@tempa=\box58
\@tempa=\box59
\@tempa=\box60
\@tempa=\box61
\@tempa=\box62
\@tempa=\box63
\@tempa=\box64
\@tempa=\box65
\@tempa=\box66
\@tempa=\box67
\@tempa=\box68
\@tempa=\box69
\@tempa=\box70
\@tempa=\box71
\@tempa=\box72
\@tempa=\box73
\@tempa=\box74
\@tempa=\box75
\@tempa=\box76
\@tempa=\box77
\@tempa=\box78
\@tempa=\box79
\@tempa=\box80
\@tempa=\box81
\@tempa=\box82
\@tempa=\box83
\@tempa=\box84
\@tempa=\box85
\@tempa=\box86
\@tempa=\box87
\@tempa=\box88
\@tempa=\box89
\@tempa=\box90
\@tempa=\box91
\c@minrows=\count269
\c@columnbadness=\count270
\c@finalcolumnbadness=\count271
\last@try=\dimen159
\multicolovershoot=\dimen160
\multicolundershoot=\dimen161
\mult@nat@firstbox=\box92
\colbreak@box=\box93
\mc@col@check@num=\count272
) (/usr/share/texlive/texmf-dist/tex/latex/wrapfig/wrapfig.sty
\wrapoverhang=\dimen162
\WF@size=\dimen163
\c@WF@wrappedlines=\count273
\WF@box=\box94
\WF@everypar=\toks23
Package: wrapfig 2003/01/31  v 3.6
) (/usr/share/texlive/texmf-dist/tex/latex/float/float.sty
Package: float 2001/11/08 v1.3d Float enhancements (AL)
\c@float@type=\count274
\float@exts=\toks24
\float@box=\box95
\@float@everytoks=\toks25
\@floatcapt=\box96
) (/usr/share/texlive/texmf-dist/tex/latex/algorithm2e/algorithm2e.sty
Package: algorithm2e 2017/07/18 v5.2 algorithms environments
\c@AlgoLine=\count275
(/usr/share/texlive/texmf-dist/tex/latex/base/ifthen.sty
Package: ifthen 2014/09/29 v1.1c Standard LaTeX ifthen package (DPC)
)
\algocf@hangindent=\skip56
(/usr/share/texlive/texmf-dist/tex/latex/ifoddpage/ifoddpage.sty
Package: ifoddpage 2016/04/23 v1.1 Conditionals for odd/even page detection
\c@checkoddpage=\count276
) (/usr/share/texlive/texmf-dist/tex/latex/tools/xspace.sty
Package: xspace 2014/10/28 v1.13 Space after command names (DPC,MH)
) (/usr/share/texlive/texmf-dist/tex/latex/relsize/relsize.sty
Package: relsize 2013/03/29 ver 4.1
)
\skiptotal=\skip57
\skiplinenumber=\skip58
\skiprule=\skip59
\skiphlne=\skip60
\skiptext=\skip61
\skiplength=\skip62
\algomargin=\skip63
\skipalgocfslide=\skip64
\algowidth=\dimen164
\inoutsize=\dimen165
\inoutindent=\dimen166
\interspacetitleruled=\dimen167
\interspacealgoruled=\dimen168
\interspacetitleboxruled=\dimen169
\algocf@ruledwidth=\skip65
\algocf@inoutbox=\box97
\algocf@inputbox=\box98
\AlCapSkip=\skip66
\AlCapHSkip=\skip67
\algoskipindent=\skip68
\algocf@nlbox=\box99
\algocf@hangingbox=\box100
\algocf@untilbox=\box101
\algocf@skipuntil=\skip69
\algocf@capbox=\box102
\algocf@lcaptionbox=\skip70
\algoheightruledefault=\skip71
\algoheightrule=\skip72
\algotitleheightruledefault=\skip73
\algotitleheightrule=\skip74
\c@algocfline=\count277
\c@algocfproc=\count278
\c@algocf=\count279
\algocf@algoframe=\box103
\algocf@algobox=\box104
) (/usr/share/texlive/texmf-dist/tex/latex/algorithms/algorithmic.sty
Package: algorithmic 2009/08/24 v0.1 Document Style `algorithmic'
\c@ALC@unique=\count280
\c@ALC@line=\count281
\c@ALC@rem=\count282
\c@ALC@depth=\count283
\ALC@tlm=\skip75
\algorithmicindent=\skip76
) (/usr/share/texlive/texmf-dist/tex/latex/caption/subcaption.sty
Package: subcaption 2020/01/22 v1.3d Sub-captions (AR)
(/usr/share/texlive/texmf-dist/tex/latex/caption/caption.sty
Package: caption 2020/01/03 v3.4h Customizing captions (AR)
(/usr/share/texlive/texmf-dist/tex/latex/caption/caption3.sty
Package: caption3 2020/01/03 v1.8h caption3 kernel (AR)
Package caption3 Info: TeX engine: e-TeX on input line 61.
\captionmargin=\dimen170
\captionmargin@=\dimen171
\captionwidth=\dimen172
\caption@tempdima=\dimen173
\caption@indent=\dimen174
\caption@parindent=\dimen175
\caption@hangindent=\dimen176
Package caption Info: Standard document class detected.
)
\c@caption@flags=\count284
\c@continuedfloat=\count285
Package caption Info: float package is loaded.
Package caption Info: hyperref package is loaded.
Package caption Info: wrapfig package is loaded.
)
\c@subfigure=\count286
\c@subtable=\count287
) (/usr/share/texlive/texmf-dist/tex/latex/pgfplots/pgfplots.sty (/usr/share/te
xlive/texmf-dist/tex/generic/pgfplots/pgfplots.revision.tex)
Package: pgfplots 2018/03/28 v1.16 Data Visualization (1.16)
(/usr/share/texlive/texmf-dist/tex/latex/pgf/frontendlayer/tikz.sty (/usr/share
/texlive/texmf-dist/tex/latex/pgf/basiclayer/pgf.sty (/usr/share/texlive/texmf-
dist/tex/latex/pgf/utilities/pgfrcs.sty (/usr/share/texlive/texmf-dist/tex/gene
ric/pgf/utilities/pgfutil-common.tex
\pgfutil@everybye=\toks26
\pgfutil@tempdima=\dimen177
\pgfutil@tempdimb=\dimen178

(/usr/share/texlive/texmf-dist/tex/generic/pgf/utilities/pgfutil-common-lists.t
ex)) (/usr/share/texlive/texmf-dist/tex/generic/pgf/utilities/pgfutil-latex.def
\pgfutil@abb=\box105
(/usr/share/texlive/texmf-dist/tex/latex/ms/everyshi.sty
Package: everyshi 2001/05/15 v3.00 EveryShipout Package (MS)
)) (/usr/share/texlive/texmf-dist/tex/generic/pgf/utilities/pgfrcs.code.tex (/u
sr/share/texlive/texmf-dist/tex/generic/pgf/pgf.revision.tex)
Package: pgfrcs 2020/01/08 v3.1.5b (3.1.5b)
))
Package: pgf 2020/01/08 v3.1.5b (3.1.5b)
(/usr/share/texlive/texmf-dist/tex/latex/pgf/basiclayer/pgfcore.sty (/usr/share
/texlive/texmf-dist/tex/latex/pgf/systemlayer/pgfsys.sty (/usr/share/texlive/te
xmf-dist/tex/generic/pgf/systemlayer/pgfsys.code.tex
Package: pgfsys 2020/01/08 v3.1.5b (3.1.5b)
(/usr/share/texlive/texmf-dist/tex/generic/pgf/utilities/pgfkeys.code.tex
\pgfkeys@pathtoks=\toks27
\pgfkeys@temptoks=\toks28

(/usr/share/texlive/texmf-dist/tex/generic/pgf/utilities/pgfkeysfiltered.code.t
ex
\pgfkeys@tmptoks=\toks29
))
\pgf@x=\dimen179
\pgf@y=\dimen180
\pgf@xa=\dimen181
\pgf@ya=\dimen182
\pgf@xb=\dimen183
\pgf@yb=\dimen184
\pgf@xc=\dimen185
\pgf@yc=\dimen186
\pgf@xd=\dimen187
\pgf@yd=\dimen188
\w@pgf@writea=\write3
\r@pgf@reada=\read3
\c@pgf@counta=\count288
\c@pgf@countb=\count289
\c@pgf@countc=\count290
\c@pgf@countd=\count291
\t@pgf@toka=\toks30
\t@pgf@tokb=\toks31
\t@pgf@tokc=\toks32
\pgf@sys@id@count=\count292
(/usr/share/texlive/texmf-dist/tex/generic/pgf/systemlayer/pgf.cfg
File: pgf.cfg 2020/01/08 v3.1.5b (3.1.5b)
)
Driver file for pgf: pgfsys-luatex.def
(/usr/share/texlive/texmf-dist/tex/generic/pgf/systemlayer/pgfsys-luatex.def
File: pgfsys-luatex.def 2020/01/08 v3.1.5b (3.1.5b)

(/usr/share/texlive/texmf-dist/tex/generic/pgf/systemlayer/pgfsys-common-pdf.de
f
File: pgfsys-common-pdf.def 2020/01/08 v3.1.5b (3.1.5b)
)))
(/usr/share/texlive/texmf-dist/tex/generic/pgf/systemlayer/pgfsyssoftpath.code.
tex
File: pgfsyssoftpath.code.tex 2020/01/08 v3.1.5b (3.1.5b)
\pgfsyssoftpath@smallbuffer@items=\count293
\pgfsyssoftpath@bigbuffer@items=\count294
)
(/usr/share/texlive/texmf-dist/tex/generic/pgf/systemlayer/pgfsysprotocol.code.
tex
File: pgfsysprotocol.code.tex 2020/01/08 v3.1.5b (3.1.5b)
)) (/usr/share/texlive/texmf-dist/tex/latex/xcolor/xcolor.sty
Package: xcolor 2016/05/11 v2.12 LaTeX color extensions (UK)
(/usr/share/texlive/texmf-dist/tex/latex/graphics-cfg/color.cfg
File: color.cfg 2016/01/02 v1.6 sample color configuration
)
Package xcolor Info: Driver file: luatex.def on input line 225.
Package xcolor Info: Model `cmy' substituted by `cmy0' on input line 1348.
Package xcolor Info: Model `hsb' substituted by `rgb' on input line 1352.
Package xcolor Info: Model `RGB' extended on input line 1364.
Package xcolor Info: Model `HTML' substituted by `rgb' on input line 1366.
Package xcolor Info: Model `Hsb' substituted by `hsb' on input line 1367.
Package xcolor Info: Model `tHsb' substituted by `hsb' on input line 1368.
Package xcolor Info: Model `HSB' substituted by `hsb' on input line 1369.
Package xcolor Info: Model `Gray' substituted by `gray' on input line 1370.
Package xcolor Info: Model `wave' substituted by `hsb' on input line 1371.
) (/usr/share/texlive/texmf-dist/tex/generic/pgf/basiclayer/pgfcore.code.tex
Package: pgfcore 2020/01/08 v3.1.5b (3.1.5b)
(/usr/share/texlive/texmf-dist/tex/generic/pgf/math/pgfmath.code.tex (/usr/shar
e/texlive/texmf-dist/tex/generic/pgf/math/pgfmathcalc.code.tex (/usr/share/texl
ive/texmf-dist/tex/generic/pgf/math/pgfmathutil.code.tex) (/usr/share/texlive/t
exmf-dist/tex/generic/pgf/math/pgfmathparser.code.tex
\pgfmath@dimen=\dimen189
\pgfmath@count=\count295
\pgfmath@box=\box106
\pgfmath@toks=\toks33
\pgfmath@stack@operand=\toks34
\pgfmath@stack@operation=\toks35
) (/usr/share/texlive/texmf-dist/tex/generic/pgf/math/pgfmathfunctions.code.tex

(/usr/share/texlive/texmf-dist/tex/generic/pgf/math/pgfmathfunctions.basic.code
.tex)
(/usr/share/texlive/texmf-dist/tex/generic/pgf/math/pgfmathfunctions.trigonomet
ric.code.tex)
(/usr/share/texlive/texmf-dist/tex/generic/pgf/math/pgfmathfunctions.random.cod
e.tex)
(/usr/share/texlive/texmf-dist/tex/generic/pgf/math/pgfmathfunctions.comparison
.code.tex)
(/usr/share/texlive/texmf-dist/tex/generic/pgf/math/pgfmathfunctions.base.code.
tex)
(/usr/share/texlive/texmf-dist/tex/generic/pgf/math/pgfmathfunctions.round.code
.tex)
(/usr/share/texlive/texmf-dist/tex/generic/pgf/math/pgfmathfunctions.misc.code.
tex)
(/usr/share/texlive/texmf-dist/tex/generic/pgf/math/pgfmathfunctions.integerari
thmetics.code.tex))) (/usr/share/texlive/texmf-dist/tex/generic/pgf/math/pgfmat
hfloat.code.tex
\c@pgfmathroundto@lastzeros=\count296
)) (/usr/share/texlive/texmf-dist/tex/generic/pgf/math/pgfint.code.tex)
(/usr/share/texlive/texmf-dist/tex/generic/pgf/basiclayer/pgfcorepoints.code.te
x
File: pgfcorepoints.code.tex 2020/01/08 v3.1.5b (3.1.5b)
\pgf@picminx=\dimen190
\pgf@picmaxx=\dimen191
\pgf@picminy=\dimen192
\pgf@picmaxy=\dimen193
\pgf@pathminx=\dimen194
\pgf@pathmaxx=\dimen195
\pgf@pathminy=\dimen196
\pgf@pathmaxy=\dimen197
\pgf@xx=\dimen198
\pgf@xy=\dimen199
\pgf@yx=\dimen256
\pgf@yy=\dimen257
\pgf@zx=\dimen258
\pgf@zy=\dimen259
)
(/usr/share/texlive/texmf-dist/tex/generic/pgf/basiclayer/pgfcorepathconstruct.
code.tex
File: pgfcorepathconstruct.code.tex 2020/01/08 v3.1.5b (3.1.5b)
\pgf@path@lastx=\dimen260
\pgf@path@lasty=\dimen261
)
(/usr/share/texlive/texmf-dist/tex/generic/pgf/basiclayer/pgfcorepathusage.code
.tex
File: pgfcorepathusage.code.tex 2020/01/08 v3.1.5b (3.1.5b)
\pgf@shorten@end@additional=\dimen262
\pgf@shorten@start@additional=\dimen263
)
(/usr/share/texlive/texmf-dist/tex/generic/pgf/basiclayer/pgfcorescopes.code.te
x
File: pgfcorescopes.code.tex 2020/01/08 v3.1.5b (3.1.5b)
\pgfpic=\box107
\pgf@hbox=\box108
\pgf@layerbox@main=\box109
\pgf@picture@serial@count=\count297
)
(/usr/share/texlive/texmf-dist/tex/generic/pgf/basiclayer/pgfcoregraphicstate.c
ode.tex
File: pgfcoregraphicstate.code.tex 2020/01/08 v3.1.5b (3.1.5b)
\pgflinewidth=\dimen264
)
(/usr/share/texlive/texmf-dist/tex/generic/pgf/basiclayer/pgfcoretransformation
s.code.tex
File: pgfcoretransformations.code.tex 2020/01/08 v3.1.5b (3.1.5b)
\pgf@pt@x=\dimen265
\pgf@pt@y=\dimen266
\pgf@pt@temp=\dimen267
)
(/usr/share/texlive/texmf-dist/tex/generic/pgf/basiclayer/pgfcorequick.code.tex
File: pgfcorequick.code.tex 2020/01/08 v3.1.5b (3.1.5b)
)
(/usr/share/texlive/texmf-dist/tex/generic/pgf/basiclayer/pgfcoreobjects.code.t
ex
File: pgfcoreobjects.code.tex 2020/01/08 v3.1.5b (3.1.5b)
)
(/usr/share/texlive/texmf-dist/tex/generic/pgf/basiclayer/pgfcorepathprocessing
.code.tex
File: pgfcorepathprocessing.code.tex 2020/01/08 v3.1.5b (3.1.5b)
)
(/usr/share/texlive/texmf-dist/tex/generic/pgf/basiclayer/pgfcorearrows.code.te
x
File: pgfcorearrows.code.tex 2020/01/08 v3.1.5b (3.1.5b)
\pgfarrowsep=\dimen268
)
(/usr/share/texlive/texmf-dist/tex/generic/pgf/basiclayer/pgfcoreshade.code.tex
File: pgfcoreshade.code.tex 2020/01/08 v3.1.5b (3.1.5b)
\pgf@max=\dimen269
\pgf@sys@shading@range@num=\count298
\pgf@shadingcount=\count299
)
(/usr/share/texlive/texmf-dist/tex/generic/pgf/basiclayer/pgfcoreimage.code.tex
File: pgfcoreimage.code.tex 2020/01/08 v3.1.5b (3.1.5b)

(/usr/share/texlive/texmf-dist/tex/generic/pgf/basiclayer/pgfcoreexternal.code.
tex
File: pgfcoreexternal.code.tex 2020/01/08 v3.1.5b (3.1.5b)
\pgfexternal@startupbox=\box110
))
(/usr/share/texlive/texmf-dist/tex/generic/pgf/basiclayer/pgfcorelayers.code.te
x
File: pgfcorelayers.code.tex 2020/01/08 v3.1.5b (3.1.5b)
)
(/usr/share/texlive/texmf-dist/tex/generic/pgf/basiclayer/pgfcoretransparency.c
ode.tex
File: pgfcoretransparency.code.tex 2020/01/08 v3.1.5b (3.1.5b)
)
(/usr/share/texlive/texmf-dist/tex/generic/pgf/basiclayer/pgfcorepatterns.code.
tex
File: pgfcorepatterns.code.tex 2020/01/08 v3.1.5b (3.1.5b)
) (/usr/share/texlive/texmf-dist/tex/generic/pgf/basiclayer/pgfcorerdf.code.tex
File: pgfcorerdf.code.tex 2020/01/08 v3.1.5b (3.1.5b)
)))
(/usr/share/texlive/texmf-dist/tex/generic/pgf/modules/pgfmoduleshapes.code.tex
File: pgfmoduleshapes.code.tex 2020/01/08 v3.1.5b (3.1.5b)
\pgfnodeparttextbox=\box111
) (/usr/share/texlive/texmf-dist/tex/generic/pgf/modules/pgfmoduleplot.code.tex
File: pgfmoduleplot.code.tex 2020/01/08 v3.1.5b (3.1.5b)
)
(/usr/share/texlive/texmf-dist/tex/latex/pgf/compatibility/pgfcomp-version-0-65
.sty
Package: pgfcomp-version-0-65 2020/01/08 v3.1.5b (3.1.5b)
\pgf@nodesepstart=\dimen270
\pgf@nodesepend=\dimen271
)
(/usr/share/texlive/texmf-dist/tex/latex/pgf/compatibility/pgfcomp-version-1-18
.sty
Package: pgfcomp-version-1-18 2020/01/08 v3.1.5b (3.1.5b)
)) (/usr/share/texlive/texmf-dist/tex/latex/pgf/utilities/pgffor.sty (/usr/shar
e/texlive/texmf-dist/tex/latex/pgf/utilities/pgfkeys.sty (/usr/share/texlive/te
xmf-dist/tex/generic/pgf/utilities/pgfkeys.code.tex)) (/usr/share/texlive/texmf
-dist/tex/latex/pgf/math/pgfmath.sty (/usr/share/texlive/texmf-dist/tex/generic
/pgf/math/pgfmath.code.tex)) (/usr/share/texlive/texmf-dist/tex/generic/pgf/uti
lities/pgffor.code.tex
Package: pgffor 2020/01/08 v3.1.5b (3.1.5b)
(/usr/share/texlive/texmf-dist/tex/generic/pgf/math/pgfmath.code.tex)
\pgffor@iter=\dimen272
\pgffor@skip=\dimen273
\pgffor@stack=\toks36
\pgffor@toks=\toks37
))
(/usr/share/texlive/texmf-dist/tex/generic/pgf/frontendlayer/tikz/tikz.code.tex
Package: tikz 2020/01/08 v3.1.5b (3.1.5b)

(/usr/share/texlive/texmf-dist/tex/generic/pgf/libraries/pgflibraryplothandlers
.code.tex
File: pgflibraryplothandlers.code.tex 2020/01/08 v3.1.5b (3.1.5b)
\pgf@plot@mark@count=\count300
\pgfplotmarksize=\dimen274
)
\tikz@lastx=\dimen275
\tikz@lasty=\dimen276
\tikz@lastxsaved=\dimen277
\tikz@lastysaved=\dimen278
\tikz@lastmovetox=\dimen279
\tikz@lastmovetoy=\dimen280
\tikzleveldistance=\dimen281
\tikzsiblingdistance=\dimen282
\tikz@figbox=\box112
\tikz@figbox@bg=\box113
\tikz@tempbox=\box114
\tikz@tempbox@bg=\box115
\tikztreelevel=\count301
\tikznumberofchildren=\count302
\tikznumberofcurrentchild=\count303
\tikz@fig@count=\count304

(/usr/share/texlive/texmf-dist/tex/generic/pgf/modules/pgfmodulematrix.code.tex
File: pgfmodulematrix.code.tex 2020/01/08 v3.1.5b (3.1.5b)
\pgfmatrixcurrentrow=\count305
\pgfmatrixcurrentcolumn=\count306
\pgf@matrix@numberofcolumns=\count307
)
\tikz@expandcount=\count308

(/usr/share/texlive/texmf-dist/tex/generic/pgf/frontendlayer/tikz/libraries/tik
zlibrarytopaths.code.tex
File: tikzlibrarytopaths.code.tex 2020/01/08 v3.1.5b (3.1.5b)
))) (/usr/share/texlive/texmf-dist/tex/generic/pgfplots/pgfplots.code.tex (/usr
/share/texlive/texmf-dist/tex/generic/pgfplots/pgfplotscore.code.tex
Package pgfplots info on input line 124: Initializing with LUA version Lua 5.3
\pgfplots@luabackend@table=\catcodetable5
\t@pgfplots@toka=\toks38
\t@pgfplots@tokb=\toks39
\t@pgfplots@tokc=\toks40
\pgfplots@tmpa=\dimen283
\c@pgfplots@coordindex=\count309
\c@pgfplots@scanlineindex=\count310

(/usr/share/texlive/texmf-dist/tex/generic/pgfplots/sys/pgfplotssysgeneric.code
.tex))
(/usr/share/texlive/texmf-dist/tex/generic/pgfplots/libs/pgfplotslibrary.code.t
ex)
(/usr/share/texlive/texmf-dist/tex/generic/pgfplots/oldpgfcompatib/pgfplotsoldp
gfsupp_loader.code.tex
(/usr/share/texlive/texmf-dist/tex/generic/pgf/libraries/pgflibraryfpu.code.tex
)
(/usr/share/texlive/texmf-dist/tex/generic/pgf/libraries/luamath/pgflibraryluam
ath.code.tex)
Package pgfplots info on input line 275: luamath library shipped with pgf 3.1.5b
 is up-to-date
) (/usr/share/texlive/texmf-dist/tex/generic/pgfplots/util/pgfplotsutil.code.te
x
Package pgfplots info on input line 82: Found new luatex: initializing lua comma
nds instead of write18 (shell-escape)

(/usr/share/texlive/texmf-dist/tex/generic/pgfplots/liststructure/pgfplotslists
tructure.code.tex)
(/usr/share/texlive/texmf-dist/tex/generic/pgfplots/liststructure/pgfplotslists
tructureext.code.tex)
(/usr/share/texlive/texmf-dist/tex/generic/pgfplots/liststructure/pgfplotsarray
.code.tex
\c@pgfplotsarray@tmp=\count311
)
(/usr/share/texlive/texmf-dist/tex/generic/pgfplots/liststructure/pgfplotsmatri
x.code.tex)
(/usr/share/texlive/texmf-dist/tex/generic/pgfplots/numtable/pgfplotstableshare
d.code.tex
\c@pgfplotstable@counta=\count312
\t@pgfplotstable@a=\toks41
)
(/usr/share/texlive/texmf-dist/tex/generic/pgfplots/liststructure/pgfplotsdeque
.code.tex)
(/usr/share/texlive/texmf-dist/tex/generic/pgfplots/util/pgfplotsbinary.code.te
x
(/usr/share/texlive/texmf-dist/tex/generic/pgfplots/util/pgfplotsbinary.data.co
de.tex))
(/usr/share/texlive/texmf-dist/tex/generic/pgfplots/util/pgfplotsutil.verb.code
.tex)
(/usr/share/texlive/texmf-dist/tex/generic/pgfplots/libs/pgflibrarypgfplots.sur
fshading.code.tex
\c@pgfplotslibrarysurf@no=\count313

(/usr/share/texlive/texmf-dist/tex/generic/pgfplots/sys/pgflibrarypgfplots.surf
shading.pgfsys-luatex.def)))
(/usr/share/texlive/texmf-dist/tex/generic/pgfplots/util/pgfplotscolormap.code.
tex
(/usr/share/texlive/texmf-dist/tex/generic/pgfplots/util/pgfplotscolor.code.tex
))
(/usr/share/texlive/texmf-dist/tex/generic/pgfplots/pgfplotsstackedplots.code.t
ex)
(/usr/share/texlive/texmf-dist/tex/generic/pgfplots/pgfplotsplothandlers.code.t
ex
(/usr/share/texlive/texmf-dist/tex/generic/pgfplots/pgfplotsmeshplothandler.cod
e.tex
(/usr/share/texlive/texmf-dist/tex/generic/pgfplots/pgfplotsmeshplotimage.code.
tex))) (/usr/share/texlive/texmf-dist/tex/generic/pgfplots/pgfplots.scaling.cod
e.tex)
(/usr/share/texlive/texmf-dist/tex/generic/pgfplots/pgfplotscoordprocessing.cod
e.tex)
(/usr/share/texlive/texmf-dist/tex/generic/pgfplots/pgfplots.errorbars.code.tex
) (/usr/share/texlive/texmf-dist/tex/generic/pgfplots/pgfplots.markers.code.tex
) (/usr/share/texlive/texmf-dist/tex/generic/pgfplots/pgfplotsticks.code.tex) (/usr/share/texlive/texmf-dist/tex/generic/pgfplots/pgfplots.paths.code.tex)
(/usr/share/texlive/texmf-dist/tex/generic/pgf/frontendlayer/tikz/libraries/tik
zlibrarydecorations.code.tex
(/usr/share/texlive/texmf-dist/tex/generic/pgf/modules/pgfmoduledecorations.cod
e.tex
\pgfdecoratedcompleteddistance=\dimen284
\pgfdecoratedremainingdistance=\dimen285
\pgfdecoratedinputsegmentcompleteddistance=\dimen286
\pgfdecoratedinputsegmentremainingdistance=\dimen287
\pgf@decorate@distancetomove=\dimen288
\pgf@decorate@repeatstate=\count314
\pgfdecorationsegmentamplitude=\dimen289
\pgfdecorationsegmentlength=\dimen290
)
\tikz@lib@dec@box=\box116
)
(/usr/share/texlive/texmf-dist/tex/generic/pgf/frontendlayer/tikz/libraries/tik
zlibrarydecorations.pathmorphing.code.tex
(/usr/share/texlive/texmf-dist/tex/generic/pgf/libraries/decorations/pgflibrary
decorations.pathmorphing.code.tex))
(/usr/share/texlive/texmf-dist/tex/generic/pgf/frontendlayer/tikz/libraries/tik
zlibrarydecorations.pathreplacing.code.tex
(/usr/share/texlive/texmf-dist/tex/generic/pgf/libraries/decorations/pgflibrary
decorations.pathreplacing.code.tex))
\pgfplots@numplots=\count315
\pgfplots@xmin@reg=\dimen291
\pgfplots@xmax@reg=\dimen292
\pgfplots@ymin@reg=\dimen293
\pgfplots@ymax@reg=\dimen294
\pgfplots@zmin@reg=\dimen295
\pgfplots@zmax@reg=\dimen296
)
(/usr/share/texlive/texmf-dist/tex/generic/pgf/frontendlayer/tikz/libraries/tik
zlibraryplotmarks.code.tex
File: tikzlibraryplotmarks.code.tex 2020/01/08 v3.1.5b (3.1.5b)

(/usr/share/texlive/texmf-dist/tex/generic/pgf/libraries/pgflibraryplotmarks.co
de.tex
File: pgflibraryplotmarks.code.tex 2020/01/08 v3.1.5b (3.1.5b)
))) (/usr/share/texlive/texmf-dist/tex/latex/pgfplots/pgfplotstable.sty (/usr/s
hare/texlive/texmf-dist/tex/generic/pgfplots/pgfplots.revision.tex)
Package: pgfplotstable 2018/03/28 v1.16 Table typesetting and Pretty-printing (1
.16)

(/usr/share/texlive/texmf-dist/tex/generic/pgfplots/numtable/pgfplotstable.code
.tex
(/usr/share/texlive/texmf-dist/tex/generic/pgfplots/numtable/pgfplotstable.colt
ype.code.tex)) (/usr/share/texlive/texmf-dist/tex/latex/tools/array.sty
Package: array 2019/08/31 v2.4l Tabular extension package (FMi)
\col@sep=\dimen297
\ar@mcellbox=\box117
\extrarowheight=\dimen298
\NC@list=\toks42
\extratabsurround=\skip77
\backup@length=\skip78
\ar@cellbox=\box118
)) (/usr/share/texlive/texmf-dist/tex/latex/dirtytalk/dirtytalk.sty
Package: dirtytalk 2010/11/21 A package making "quoting" easier
\c@dirtytalk@qdepth=\count316
) (/usr/share/texlive/texmf-dist/tex/latex/was/gensymb.sty
Package: gensymb 2003/07/02 v1.0 (WaS)
) (/usr/share/texlive/texmf-dist/tex/latex/siunitx/siunitx.sty (/usr/share/texl
ive/texmf-dist/tex/latex/l3kernel/expl3.sty
Package: expl3 2020-02-14 L3 programming layer (loader) 
(/usr/share/texlive/texmf-dist/tex/latex/l3backend/l3backend-pdfmode.def
File: l3backend-pdfmode.def 2020-02-03 L3 backend support: PDF mode
\l__kernel_color_stack_int=\count317
\l__pdf_internal_box=\box119
)) (/usr/share/texlive/texmf-dist/tex/latex/l3packages/xparse/xparse.sty
Package: xparse 2020-02-14 L3 Experimental document command parser
\l__xparse_current_arg_int=\count318
\g__xparse_grabber_int=\count319
\l__xparse_m_args_int=\count320
\l__xparse_v_nesting_int=\count321
)
Package: siunitx 2020/01/15 v2.7u A comprehensive (SI) units package
(/usr/share/texlive/texmf-dist/tex/latex/l3packages/l3keys2e/l3keys2e.sty
Package: l3keys2e 2020-02-14 LaTeX2e option processing using LaTeX3 keys
)
\l__siunitx_tmp_box=\box120
\l__siunitx_tmp_dim=\dimen299
\l__siunitx_tmp_int=\count322
\l__siunitx_number_mantissa_length_int=\count323
\l__siunitx_number_uncert_length_int=\count324
\l__siunitx_round_int=\count325
\l__siunitx_process_decimal_int=\count326
\l__siunitx_process_uncertainty_int=\count327
\l__siunitx_process_fixed_int=\count328
\l__siunitx_process_integer_min_int=\count329
\l__siunitx_process_precision_int=\count330
\l__siunitx_group_min_int=\count331
\l__siunitx_angle_marker_box=\box121
\l__siunitx_angle_unit_box=\box122
\l__siunitx_angle_marker_dim=\dimen300
\l__siunitx_angle_unit_dim=\dimen301
\l__siunitx_unit_int=\count332
\l__siunitx_unit_denominator_int=\count333
\l__siunitx_unit_numerator_int=\count334
\l__siunitx_unit_prefix_int=\count335
\l__siunitx_unit_prefix_base_int=\count336
\l__siunitx_unit_prefix_gram_int=\count337
\l__siunitx_number_product_int=\count338
\c__siunitx_one_fill_skip=\skip79
\l__siunitx_table_unit_align_skip=\skip80
\l__siunitx_table_exponent_dim=\dimen302
\l__siunitx_table_integer_dim=\dimen303
\l__siunitx_table_mantissa_dim=\dimen304
\l__siunitx_table_marker_dim=\dimen305
\l__siunitx_table_result_dim=\dimen306
\l__siunitx_table_uncert_dim=\dimen307
\l__siunitx_table_fill_pre_dim=\dimen308
\l__siunitx_table_fill_post_dim=\dimen309
\l__siunitx_table_fill_mid_dim=\dimen310
\l__siunitx_table_pre_box=\box123
\l__siunitx_table_post_box=\box124
\l__siunitx_table_mantissa_box=\box125
\l__siunitx_table_result_box=\box126
\l__siunitx_table_number_align_skip=\skip81
\l__siunitx_table_text_align_skip=\skip82
(/usr/share/texlive/texmf-dist/tex/latex/translator/translator.sty
Package: translator 2019-05-31 v1.12a Easy translation of strings in LaTeX
)) (/usr/share/texlive/texmf-dist/tex/latex/tools/longtable.sty
Package: longtable 2020/01/07 v4.13 Multi-page Table package (DPC)
\LTleft=\skip83
\LTright=\skip84
\LTpre=\skip85
\LTpost=\skip86
\LTchunksize=\count339
\LTcapwidth=\dimen311
\LT@head=\box127
\LT@firsthead=\box128
\LT@foot=\box129
\LT@lastfoot=\box130
\LT@cols=\count340
\LT@rows=\count341
\c@LT@tables=\count342
\c@LT@chunks=\count343
\LT@p@ftn=\toks43
)
(/usr/share/texlive/texmf-dist/tex/latex/pgf/frontendlayer/libraries/tikzlibrar
yexternal.code.tex
(/usr/share/texlive/texmf-dist/tex/generic/pgf/frontendlayer/tikz/libraries/tik
zexternalshared.code.tex))
(/usr/share/texlive/texmf-dist/tex/generic/pgf/frontendlayer/tikz/libraries/tik
zlibrarypositioning.code.tex
File: tikzlibrarypositioning.code.tex 2020/01/08 v3.1.5b (3.1.5b)
)
(/usr/share/texlive/texmf-dist/tex/generic/pgf/frontendlayer/tikz/libraries/tik
zlibrarybackgrounds.code.tex
File: tikzlibrarybackgrounds.code.tex 2020/01/08 v3.1.5b (3.1.5b)
\pgf@layerbox@background=\box131
\pgf@layerboxsaved@background=\box132
)
No auxiliary output files.

\w@pgfexternal@auxout=\write4

(/usr/share/texlive/texmf-dist/tex/generic/pgf/frontendlayer/tikz/libraries/tik
zlibraryshapes.code.tex
File: tikzlibraryshapes.code.tex 2020/01/08 v3.1.5b (3.1.5b)

(/usr/share/texlive/texmf-dist/tex/generic/pgf/frontendlayer/tikz/libraries/tik
zlibraryshapes.geometric.code.tex
File: tikzlibraryshapes.geometric.code.tex 2020/01/08 v3.1.5b (3.1.5b)

(/usr/share/texlive/texmf-dist/tex/generic/pgf/libraries/shapes/pgflibraryshape
s.geometric.code.tex
File: pgflibraryshapes.geometric.code.tex 2020/01/08 v3.1.5b (3.1.5b)
))
(/usr/share/texlive/texmf-dist/tex/generic/pgf/frontendlayer/tikz/libraries/tik
zlibraryshapes.misc.code.tex
File: tikzlibraryshapes.misc.code.tex 2020/01/08 v3.1.5b (3.1.5b)

(/usr/share/texlive/texmf-dist/tex/generic/pgf/libraries/shapes/pgflibraryshape
s.misc.code.tex
File: pgflibraryshapes.misc.code.tex 2020/01/08 v3.1.5b (3.1.5b)
))
(/usr/share/texlive/texmf-dist/tex/generic/pgf/frontendlayer/tikz/libraries/tik
zlibraryshapes.symbols.code.tex
File: tikzlibraryshapes.symbols.code.tex 2020/01/08 v3.1.5b (3.1.5b)

(/usr/share/texlive/texmf-dist/tex/generic/pgf/libraries/shapes/pgflibraryshape
s.symbols.code.tex
File: pgflibraryshapes.symbols.code.tex 2020/01/08 v3.1.5b (3.1.5b)
))
(/usr/share/texlive/texmf-dist/tex/generic/pgf/frontendlayer/tikz/libraries/tik
zlibraryshapes.arrows.code.tex
File: tikzlibraryshapes.arrows.code.tex 2020/01/08 v3.1.5b (3.1.5b)

(/usr/share/texlive/texmf-dist/tex/generic/pgf/libraries/shapes/pgflibraryshape
s.arrows.code.tex
File: pgflibraryshapes.arrows.code.tex 2020/01/08 v3.1.5b (3.1.5b)
))
(/usr/share/texlive/texmf-dist/tex/generic/pgf/frontendlayer/tikz/libraries/tik
zlibraryshapes.callouts.code.tex
(/usr/share/texlive/texmf-dist/tex/generic/pgf/libraries/shapes/pgflibraryshape
s.callouts.code.tex))
(/usr/share/texlive/texmf-dist/tex/generic/pgf/frontendlayer/tikz/libraries/tik
zlibraryshapes.multipart.code.tex
File: tikzlibraryshapes.multipart.code.tex 2020/01/08 v3.1.5b (3.1.5b)

(/usr/share/texlive/texmf-dist/tex/generic/pgf/libraries/shapes/pgflibraryshape
s.multipart.code.tex
File: pgflibraryshapes.multipart.code.tex 2020/01/08 v3.1.5b (3.1.5b)
\pgfnodepartlowerbox=\box133
\pgfnodeparttwobox=\box134
\pgfnodepartthreebox=\box135
\pgfnodepartfourbox=\box136
\pgfnodeparttwentybox=\box137
\pgfnodepartnineteenbox=\box138
\pgfnodeparteighteenbox=\box139
\pgfnodepartseventeenbox=\box140
\pgfnodepartsixteenbox=\box141
\pgfnodepartfifteenbox=\box142
\pgfnodepartfourteenbox=\box143
\pgfnodepartthirteenbox=\box144
\pgfnodeparttwelvebox=\box145
\pgfnodepartelevenbox=\box146
\pgfnodeparttenbox=\box147
\pgfnodepartninebox=\box148
\pgfnodeparteightbox=\box149
\pgfnodepartsevenbox=\box150
\pgfnodepartsixbox=\box151
\pgfnodepartfivebox=\box152
)))
(/usr/share/texlive/texmf-dist/tex/generic/pgf/frontendlayer/tikz/libraries/tik
zlibraryarrows.code.tex
File: tikzlibraryarrows.code.tex 2020/01/08 v3.1.5b (3.1.5b)

(/usr/share/texlive/texmf-dist/tex/generic/pgf/libraries/pgflibraryarrows.code.
tex
File: pgflibraryarrows.code.tex 2020/01/08 v3.1.5b (3.1.5b)
\arrowsize=\dimen312
))
(/usr/share/texlive/texmf-dist/tex/generic/pgf/frontendlayer/tikz/libraries/tik
zlibrarysnakes.code.tex
File: tikzlibrarysnakes.code.tex 2020/01/08 v3.1.5b (3.1.5b)

Package pgf Warning: Snakes have been superseded by decorations. Please use the 
decoration libraries instead of the snakes library on input line 14.


(/usr/share/texlive/texmf-dist/tex/generic/pgf/frontendlayer/tikz/libraries/tik
zlibrarydecorations.shapes.code.tex
(/usr/share/texlive/texmf-dist/tex/generic/pgf/libraries/decorations/pgflibrary
decorations.shapes.code.tex)))
(/usr/share/texlive/texmf-dist/tex/generic/pgf/frontendlayer/tikz/libraries/tik
zlibrarychains.code.tex
File: tikzlibrarychains.code.tex 2020/01/08 v3.1.5b (3.1.5b)
)
(/usr/share/texlive/texmf-dist/tex/generic/pgf/frontendlayer/tikz/libraries/tik
zlibrarymatrix.code.tex
File: tikzlibrarymatrix.code.tex 2020/01/08 v3.1.5b (3.1.5b)
)
(/usr/share/texlive/texmf-dist/tex/generic/pgfplots/libs/tikzlibrarypgfplots.gr
oupplots.code.tex
\pgfplots@group@current@plot=\count344
\pgfplots@group@current@row=\count345
\pgfplots@group@current@column=\count346

(/usr/share/texlive/texmf-dist/tex/generic/pgf/frontendlayer/tikz/libraries/tik
zlibrarycalc.code.tex
File: tikzlibrarycalc.code.tex 2020/01/08 v3.1.5b (3.1.5b)
)) (/usr/share/texlive/texmf-dist/tex/latex/tikzscale/tikzscale.sty
Package: tikzscale 2013/05/22 v0.2.6 tikzscale LaTeX package
(/usr/share/texlive/texmf-dist/tex/latex/etoolbox/etoolbox.sty
Package: etoolbox 2019/09/21 v2.5h e-TeX tools for LaTeX (JAW)
\etb@tempcnta=\count347
) (/usr/share/texlive/texmf-dist/tex/generic/xstring/xstring.sty (/usr/share/te
xlive/texmf-dist/tex/generic/xstring/xstring.tex
\integerpart=\count348
\decimalpart=\count349
)
Package: xstring 2019/02/06 v1.83 String manipulations (CT)
)
\tikzscale@measuredSize=\box153
) (/usr/share/texlive/texmf-dist/tex/latex/cleveref/cleveref.sty
Package: cleveref 2018/03/27 v0.21.4 Intelligent cross-referencing
Package cleveref Info: `hyperref' support loaded on input line 2370.
LaTeX Info: Redefining \cref on input line 2370.
LaTeX Info: Redefining \Cref on input line 2370.
LaTeX Info: Redefining \crefrange on input line 2370.
LaTeX Info: Redefining \Crefrange on input line 2370.
LaTeX Info: Redefining \cpageref on input line 2370.
LaTeX Info: Redefining \Cpageref on input line 2370.
LaTeX Info: Redefining \cpagerefrange on input line 2370.
LaTeX Info: Redefining \Cpagerefrange on input line 2370.
LaTeX Info: Redefining \labelcref on input line 2370.
LaTeX Info: Redefining \labelcpageref on input line 2370.
Package cleveref Info: `algorithm2e' support loaded on input line 3147.
) (/usr/share/texlive/texmf-dist/tex/latex/booktabs/booktabs.sty
Package: booktabs 2020/01/12 v1.61803398 Publication quality tables
\heavyrulewidth=\dimen313
\lightrulewidth=\dimen314
\cmidrulewidth=\dimen315
\belowrulesep=\dimen316
\belowbottomsep=\dimen317
\aboverulesep=\dimen318
\abovetopsep=\dimen319
\cmidrulesep=\dimen320
\cmidrulekern=\dimen321
\defaultaddspace=\dimen322
\@cmidla=\count350
\@cmidlb=\count351
\@aboverulesep=\dimen323
\@belowrulesep=\dimen324
\@thisruleclass=\count352
\@lastruleclass=\count353
\@thisrulewidth=\dimen325
) (/usr/share/texlive/texmf-dist/tex/latex/tocbibind/tocbibind.sty
Package: tocbibind 2010/10/13 v1.5k extra ToC listings
Package tocbibind Info: The document has chapter divisions on input line 50.

Package tocbibind Note: Using chapter style headings, unless overridden.

)
LaTeX Info: Redefining \a1 on input line 71.
LaTeX Info: Redefining \a2 on input line 72.
LaTeX Info: Redefining \a3 on input line 73.
LaTeX Info: Redefining \L2 on input line 76.
(/usr/share/texlive/texmf-dist/tex/latex/fancyhdr/fancyhdr.sty
Package: fancyhdr 2019/01/31 v3.10 Extensive control of page headers and footers

\f@nch@headwidth=\skip87
\f@nch@O@elh=\skip88
\f@nch@O@erh=\skip89
\f@nch@O@olh=\skip90
\f@nch@O@orh=\skip91
\f@nch@O@elf=\skip92
\f@nch@O@erf=\skip93
\f@nch@O@olf=\skip94
\f@nch@O@orf=\skip95
) (/usr/share/texlive/texmf-dist/tex/latex/titlesec/titlesec.sty
Package: titlesec 2019/10/16 v2.13 Sectioning titles
\ttl@box=\box154
\beforetitleunit=\skip96
\aftertitleunit=\skip97
\ttl@plus=\dimen326
\ttl@minus=\dimen327
\ttl@toksa=\toks44
\titlewidth=\dimen328
\titlewidthlast=\dimen329
\titlewidthfirst=\dimen330
) (/usr/share/texlive/texmf-dist/tex/latex/titlesec/titletoc.sty
Package: titletoc 2019/10/16 v2.13 TOC entries
\ttl@leftsep=\dimen331
)) (./other/metadata.tex)
\tikzscale@accuracy=\skip98

LaTeX Warning: Unused global option(s):
    [pagesize].

No file Figures/master-figure30.aux.
LaTeX Font Info:    Checking defaults for OML/cmm/m/it on input line 6.
LaTeX Font Info:    ... okay on input line 6.
LaTeX Font Info:    Checking defaults for OMS/cmsy/m/n on input line 6.
LaTeX Font Info:    ... okay on input line 6.
LaTeX Font Info:    Checking defaults for OT1/cmr/m/n on input line 6.
LaTeX Font Info:    ... okay on input line 6.
LaTeX Font Info:    Checking defaults for T1/cmr/m/n on input line 6.
LaTeX Font Info:    ... okay on input line 6.
LaTeX Font Info:    Checking defaults for TS1/cmr/m/n on input line 6.
LaTeX Font Info:    Trying to load font information for TS1+cmr on input line 6.

(/usr/share/texlive/texmf-dist/tex/latex/base/ts1cmr.fd
File: ts1cmr.fd 2019/12/16 v2.5j Standard LaTeX font definitions
)
LaTeX Font Info:    ... okay on input line 6.
LaTeX Font Info:    Checking defaults for TU/lmr/m/n on input line 6.
LaTeX Font Info:    ... okay on input line 6.
LaTeX Font Info:    Checking defaults for OMX/cmex/m/n on input line 6.
LaTeX Font Info:    ... okay on input line 6.
LaTeX Font Info:    Checking defaults for U/cmr/m/n on input line 6.
LaTeX Font Info:    ... okay on input line 6.
LaTeX Font Info:    Checking defaults for PD1/pdf/m/n on input line 6.
LaTeX Font Info:    ... okay on input line 6.
LaTeX Font Info:    Checking defaults for PU/pdf/m/n on input line 6.
LaTeX Font Info:    ... okay on input line 6.
(/usr/share/texlive/texmf-dist/tex/context/base/mkii/supp-pdf.mkii
[Loading MPS to PDF converter (version 2006.09.02).]
\scratchcounter=\count354
\scratchdimen=\dimen332
\scratchbox=\box155
\nofMPsegments=\count355
\nofMParguments=\count356
\everyMPshowfont=\toks45
\MPscratchCnt=\count357
\MPscratchDim=\dimen333
\MPnumerator=\count358
\makeMPintoPDFobject=\count359
\everyMPtoPDFconversion=\toks46
) (/usr/share/texlive/texmf-dist/tex/latex/epstopdf-pkg/epstopdf-base.sty
Package: epstopdf-base 2020-01-24 v2.11 Base part for package epstopdf
Package epstopdf-base Info: Redefining graphics rule for `.eps' on input line 48
5.
(/usr/share/texlive/texmf-dist/tex/latex/latexconfig/epstopdf-sys.cfg
File: epstopdf-sys.cfg 2010/07/13 v1.3 Configuration of (r)epstopdf for TeX Live

))
\AtBeginShipoutBox=\box156
Package hyperref Info: Link coloring OFF on input line 6.
(/usr/share/texlive/texmf-dist/tex/latex/hyperref/nameref.sty
Package: nameref 2019/09/16 v2.46 Cross-referencing by name of section
(/usr/share/texlive/texmf-dist/tex/latex/refcount/refcount.sty
Package: refcount 2019/12/15 v3.6 Data extraction from label references (HO)
) (/usr/share/texlive/texmf-dist/tex/generic/gettitlestring/gettitlestring.sty
Package: gettitlestring 2019/12/15 v1.6 Cleanup title references (HO)
)
\c@section@level=\count360
)
LaTeX Info: Redefining \ref on input line 6.
LaTeX Info: Redefining \pageref on input line 6.
LaTeX Info: Redefining \nameref on input line 6.
Package caption Info: Begin \AtBeginDocument code.
Package caption Info: longtable package is loaded.
(/usr/share/texlive/texmf-dist/tex/latex/caption/ltcaption.sty
Package: ltcaption 2018/08/26 v1.4a longtable captions (AR)
)
Package caption Info: End \AtBeginDocument code.
ABD: EveryShipout initializing macros
Package pgfplots notification 'compat/show suggested version=true': document has
 been generated with the most recent feature set (\pgfplotsset{compat=1.16}).

LaTeX Info: Redefining \celsius on input line 6.
Package gensymb Info: Faking symbols for \degree and \celsius on input line 6.

Package gensymb Warning: Not defining \perthousand.

LaTeX Info: Redefining \ohm on input line 6.
Package gensymb Info: Using \Omega for \ohm on input line 6.

Package gensymb Warning: Not defining \micro.


(/usr/share/texlive/texmf-dist/tex/latex/translator/translator-basic-dictionary
-English.dict
Dictionary: translator-basic-dictionary, Language: English 
) (/usr/share/texlive/texmf-dist/tex/latex/siunitx/siunitx-abbreviations.cfg
File: siunitx-abbreviations.cfg 2017/11/26 v2.7k siunitx: Abbreviated units
)
LaTeX Font Info:    Trying to load font information for OML+lmm on input line 6.

(/usr/share/texmf/tex/latex/lm/omllmm.fd
File: omllmm.fd 2009/10/30 v1.6 Font defs for Latin Modern
)
LaTeX Font Info:    Trying to load font information for OMS+lmsy on input line 6
.
(/usr/share/texmf/tex/latex/lm/omslmsy.fd
File: omslmsy.fd 2009/10/30 v1.6 Font defs for Latin Modern
)
LaTeX Font Info:    Trying to load font information for OMX+lmex on input line 6
.
(/usr/share/texmf/tex/latex/lm/omxlmex.fd
File: omxlmex.fd 2009/10/30 v1.6 Font defs for Latin Modern
)
LaTeX Font Info:    External font `lmex10' loaded for size
(Font)              <10.95> on input line 6.
LaTeX Font Info:    External font `lmex10' loaded for size
(Font)              <8> on input line 6.
LaTeX Font Info:    External font `lmex10' loaded for size
(Font)              <6> on input line 6.
LaTeX Font Info:    Trying to load font information for U+rsfs on input line 6.
(/usr/share/texlive/texmf-dist/tex/latex/jknapltx/ursfs.fd
File: ursfs.fd 1998/03/24 rsfs font definition file (jk)
)
LaTeX Font Info:    Trying to load font information for U+msa on input line 6.
(/usr/share/texlive/texmf-dist/tex/latex/amsfonts/umsa.fd
File: umsa.fd 2013/01/14 v3.01 AMS symbols A
)
LaTeX Font Info:    Trying to load font information for U+msb on input line 6.
(/usr/share/texlive/texmf-dist/tex/latex/amsfonts/umsb.fd
File: umsb.fd 2013/01/14 v3.01 AMS symbols B
)
LaTeX Font Info:    Trying to load font information for OT1+lmss on input line 6
.
(/usr/share/texmf/tex/latex/lm/ot1lmss.fd
File: ot1lmss.fd 2009/10/30 v1.6 Font defs for Latin Modern
)
LaTeX Font Info:    Trying to load font information for OT1+lmtt on input line 6
.
(/usr/share/texmf/tex/latex/lm/ot1lmtt.fd
File: ot1lmtt.fd 2009/10/30 v1.6 Font defs for Latin Modern
) (./front/title.tex)
The command '\includegraphics [width=5cm]{\tikzscale@fileName }' has been optimi
zed away. Use '/tikz/external/optimize=false' to disable this.
LaTeX Font Info:    External font `lmex10' loaded for size
(Font)              <12> on input line 13.
(./front/abstract.tex
LaTeX Font Info:    Trying to load font information for T1+lmss on input line 10
.
(/usr/share/texmf/tex/latex/lm/t1lmss.fd
File: t1lmss.fd 2009/10/30 v1.6 Font defs for Latin Modern
)) (./chapters/introduction.tex
Chapter 1.

LaTeX Warning: Citation `BGK' on page 1 undefined on input line 8.


LaTeX Warning: Citation `Carlberg' on page 1 undefined on input line 8.


LaTeX Warning: Citation `bukka2020assessment' on page 1 undefined on input line 
8.


LaTeX Warning: Reference `Ch:BGK' on page 1 undefined on input line 11.


LaTeX Warning: Reference `Ch:DimRedAl' on page 1 undefined on input line 11.


LaTeX Warning: Reference `Ch:ROM' on page 1 undefined on input line 11.


LaTeX Warning: Reference `Ch:Results' on page 1 undefined on input line 11.


LaTeX Warning: Reference `Ch:ApA' on page 1 undefined on input line 11.

LaTeX Font Info:    Trying to load font information for T1+lmtt on input line 11
.
(/usr/share/texmf/tex/latex/lm/t1lmtt.fd
File: t1lmtt.fd 2009/10/30 v1.6 Font defs for Latin Modern
)

LaTeX Warning: Citation `Franz' on page 1 undefined on input line 15.


LaTeX Warning: Citation `Kutz' on page 1 undefined on input line 15.


LaTeX Warning: Citation `Bernard' on page 1 undefined on input line 16.


LaTeX Warning: Citation `Carlberg' on page 1 undefined on input line 16.


LaTeX Warning: Citation `Goodfellow' on page 1 undefined on input line 16.


LaTeX Warning: Citation `Rumelhart' on page 1 undefined on input line 16.


LaTeX Warning: Citation `Ballard' on page 1 undefined on input line 16.


LaTeX Warning: Citation `Rifai2011' on page 1 undefined on input line 16.


LaTeX Warning: Citation `Rifai2011' on page 1 undefined on input line 16.


LaTeX Warning: Citation `Rifai_2011a' on page 1 undefined on input line 16.


LaTeX Warning: Citation `rifai2012generative' on page 1 undefined on input line 
16.


LaTeX Warning: Citation `bibid' on page 1 undefined on input line 17.


LaTeX Warning: Citation `bibid' on page 1 undefined on input line 17.


LaTeX Warning: Citation `bibid' on page 1 undefined on input line 17.

) (./chapters/BGK_model.tex
Chapter 2.

LaTeX Warning: Citation `Bernard' on page 3 undefined on input line 9.


LaTeX Warning: Reference `Fig:ExpKN' on page 1 undefined on input line 13.


LaTeX Warning: Citation `schaaf' on page 3 undefined on input line 13.

(./Figures/Chapter_2/Kn.tex
A tikzpicture has been optimized away. Use '/tikz/external/optimize=false' to di
sable this.
)
LaTeX Font Info:    External font `lmex10' loaded for size
(Font)              <9> on input line 16.
LaTeX Font Info:    External font `lmex10' loaded for size
(Font)              <5> on input line 16.

LaTeX Warning: Citation `schaaf' on page 3 undefined on input line 16.


LaTeX Warning: Citation `schaaf' on page 3 undefined on input line 16.


LaTeX Warning: Citation `BGK' on page 3 undefined on input line 20.


LaTeX Warning: Citation `puppo2019kinetic' on page 3 undefined on input line 25.



LaTeX Warning: Citation `Bernard' on page 3 undefined on input line 29.


LaTeX Warning: Citation `puppo2019kinetic' on page 4 undefined on input line 41.



LaTeX Warning: Reference `Eq:BGK' on page 1 undefined on input line 41.


Underfull \hbox (badness 10000) in paragraph at lines 40--42

 []


Underfull \hbox (badness 10000) in paragraph at lines 43--45

 []


LaTeX Warning: Citation `puppo2019kinetic' on page 4 undefined on input line 62.



LaTeX Warning: Reference `Eq:Discrete BGK' on page 1 undefined on input line 73.


(./Figures/Chapter_2/Boltzmann.tex
A tikzpicture has been optimized away. Use '/tikz/external/optimize=false' to di
sable this.
)
Underfull \hbox (badness 10000) in paragraph at lines 46--80

 []


Underfull \hbox (badness 10000) in paragraph at lines 46--80

 []


Underfull \hbox (badness 10000) in paragraph at lines 46--80

 []


LaTeX Warning: Reference `Eq:BGK' on page 1 undefined on input line 81.


LaTeX Warning: Reference `Eq:BGK' on page 1 undefined on input line 81.


LaTeX Warning: Citation `puppo2019kinetic' on page 5 undefined on input line 81.



LaTeX Warning: Reference `Eq:Moments1' on page 1 undefined on input line 87.


LaTeX Warning: Reference `Eq:Moments2' on page 1 undefined on input line 87.


LaTeX Warning: Reference `Eq:Moments3' on page 1 undefined on input line 87.


Underfull \hbox (badness 10000) in paragraph at lines 94--96

 []


LaTeX Warning: Reference `Fig:Demo Macro' on page 1 undefined on input line 97.


Underfull \hbox (badness 10000) in paragraph at lines 97--98

 []


LaTeX Warning: Reference `Eq:Conservation1' on page 1 undefined on input line 99
.


LaTeX Warning: Reference `Eq:Conservation2' on page 1 undefined on input line 99
.


LaTeX Warning: Reference `Eq:Conservation3' on page 1 undefined on input line 99
.


LaTeX Warning: Citation `puppo2019kinetic' on page 5 undefined on input line 99.



LaTeX Warning: Citation `Sod' on page 5 undefined on input line 101.


LaTeX Warning: Citation `CFD1' on page 5 undefined on input line 102.


Underfull \hbox (badness 10000) in paragraph at lines 101--103

 []


LaTeX Warning: Reference `Fig:SodProbSetup' on page 1 undefined on input line 10
4.


LaTeX Warning: Reference `Fig:SodTime' on page 1 undefined on input line 104.


LaTeX Warning: Citation `Sod' on page 5 undefined on input line 104.

(./Figures/Chapter_2/Sod.tex
A tikzpicture has been optimized away. Use '/tikz/external/optimize=false' to di
sable this.
)

LaTeX Warning: Reference `Fig:SodTime0' on page 1 undefined on input line 111.


LaTeX Warning: Reference `Fig:SODHyRare' on page 1 undefined on input line 111.


LaTeX Warning: Reference `Fig:SodTime0' on page 1 undefined on input line 111.


LaTeX Warning: Reference `Fig:SODHyRare' on page 1 undefined on input line 111.


LaTeX Warning: Reference `Fig:SODHyRare' on page 1 undefined on input line 111.


LaTeX Warning: Reference `Fig:SodTime' on page 1 undefined on input line 112.


LaTeX Warning: Reference `Fig:SodTime0' on page 1 undefined on input line 112.


LaTeX Warning: Citation `Sod' on page 6 undefined on input line 112.


LaTeX Warning: Reference `Fig:ExamplesSod' on page 1 undefined on input line 112
.

(./Figures/Chapter_2/Sod_time0.tex
A tikzpicture has been optimized away. Use '/tikz/external/optimize=false' to di
sable this.
)
Underfull \hbox (badness 10000) in paragraph at lines 117--117

 []


Underfull \hbox (badness 10000) in paragraph at lines 117--117

 []

(./Figures/Chapter_2/Sod_time.tex
A tikzpicture has been optimized away. Use '/tikz/external/optimize=false' to di
sable this.
)
Underfull \hbox (badness 10000) in paragraph at lines 114--125

 []

(./Figures/Chapter_2/ExamplesSOD.tex
A tikzpicture has been optimized away. Use '/tikz/external/optimize=false' to di
sable this.
) (./Figures/Chapter_2/MacroFOMhyvsrare.tex
A tikzpicture has been optimized away. Use '/tikz/external/optimize=false' to di
sable this.
)) (./chapters/Deep_Learning.tex
Chapter 3.

LaTeX Warning: Reference `Ch:BGK' on page 1 undefined on input line 13.


LaTeX Warning: Citation `Kutz' on page 8 undefined on input line 17.


LaTeX Warning: Reference `Ch:BGK' on page 1 undefined on input line 17.


LaTeX Warning: Citation `Kutz' on page 8 undefined on input line 18.


LaTeX Warning: Citation `Kutz' on page 8 undefined on input line 27.


LaTeX Warning: Citation `Kutz' on page 8 undefined on input line 28.


LaTeX Warning: Citation `Kutz' on page 9 undefined on input line 35.


LaTeX Warning: Citation `Goodfellow' on page 9 undefined on input line 45.


LaTeX Warning: Reference `Fig:Autoencoder' on page 1 undefined on input line 45.



LaTeX Warning: Reference `Fig:Autoencoder' on page 1 undefined on input line 46.



LaTeX Warning: Reference `Fig:Autoencoder' on page 1 undefined on input line 46.



LaTeX Warning: Reference `Fig:Autoencoder' on page 1 undefined on input line 46.



LaTeX Warning: Reference `Fig:Autoencoder' on page 1 undefined on input line 46.



LaTeX Warning: Reference `Fig:Autoencoder' on page 1 undefined on input line 46.



LaTeX Warning: Citation `Goodfellow' on page 9 undefined on input line 46.

(./Figures/Chapter_3/AE_scheme.tex
A tikzpicture has been optimized away. Use '/tikz/external/optimize=false' to di
sable this.
)

LaTeX Warning: Reference `Fig:Autoencoder' on page 1 undefined on input line 56.



LaTeX Warning: Reference `Eq:PiPOD' on page 1 undefined on input line 65.


LaTeX Warning: Reference `Fig:Autoencoder' on page 1 undefined on input line 65.



LaTeX Warning: Reference `Eq:Cost' on page 1 undefined on input line 75.

(./Figures/Chapter_3/Sing_expample.tex
A tikzpicture has been optimized away. Use '/tikz/external/optimize=false' to di
sable this.
)
Underfull \hbox (badness 1067) in paragraph at lines 85--85
[]\T1/lmr/m/n/9 Fig-ure 3.2: |A sin-gle
 []


Underfull \hbox (badness 2181) in paragraph at lines 85--85
\T1/lmr/m/n/9 hid-den node be-tween
 []


LaTeX Warning: Reference `Fig:Sing_example' on page 1 undefined on input line 88
.


LaTeX Warning: Citation `Kutz' on page 11 undefined on input line 98.


LaTeX Warning: Reference `Alg:Adam' on page 1 undefined on input line 102.


Overfull \hbox (17.0pt too wide) detected at line 127
[][] 
 []


LaTeX Warning: Citation `Goodfellow' on page 11 undefined on input line 129.


LaTeX Warning: Citation `LeCun98' on page 11 undefined on input line 129.


LaTeX Warning: Citation `he2015' on page 11 undefined on input line 129.


LaTeX Warning: Citation `torch_ini' on page 11 undefined on input line 131.


LaTeX Warning: Citation `LeCun98' on page 11 undefined on input line 131.


LaTeX Warning: Reference `Eq: update' on page 1 undefined on input line 132.


LaTeX Warning: Citation `Goodfellow' on page 11 undefined on input line 132.


LaTeX Warning: Citation `Goodfellow' on page 11 undefined on input line 133.


LaTeX Warning: Reference `Alg:Adam' on page 1 undefined on input line 135.


LaTeX Warning: Citation `bushaev_2017' on page 14 undefined on input line 145.


LaTeX Warning: Reference `Eq: fm' on page 1 undefined on input line 145.


LaTeX Warning: Reference `Alg:Adam' on page 1 undefined on input line 145.


LaTeX Warning: Reference `Alg:Adam' on page 1 undefined on input line 145.


LaTeX Warning: Citation `kingma2017adam' on page 14 undefined on input line 145.



LaTeX Warning: Citation `kingma2017adam' on page 14 undefined on input line 145.


(./Figures/Chapter_3/Training.tex
A tikzpicture has been optimized away. Use '/tikz/external/optimize=false' to di
sable this.
)

LaTeX Warning: Citation `LeCun98' on page 14 undefined on input line 149.


LaTeX Warning: Reference `Alg:Adam' on page 1 undefined on input line 149.


LaTeX Warning: Citation `LeCun98' on page 14 undefined on input line 149.


LaTeX Warning: Reference `Alg:Adam' on page 1 undefined on input line 149.


LaTeX Warning: Reference `Fig:Training' on page 1 undefined on input line 152.

(./Figures/Chapter_3/Capacity.tex
A tikzpicture has been optimized away. Use '/tikz/external/optimize=false' to di
sable this.
)

LaTeX Warning: Citation `Goodfellow' on page 14 undefined on input line 159.


LaTeX Warning: Reference `Fig:Autoencoder' on page 1 undefined on input line 159
.


LaTeX Warning: Reference `Fig:Capacity' on page 1 undefined on input line 159.


LaTeX Warning: Reference `Fig:Capacity' on page 1 undefined on input line 159.


LaTeX Warning: Citation `Goodfellow' on page 14 undefined on input line 159.


LaTeX Warning: Reference `Eq:Linear Transformation' on page 1 undefined on input
 line 159.


LaTeX Warning: Reference `Tab:Non-lin-func' on page 1 undefined on input line 16
3.

LaTeX Font Info:    External font `lmex10' loaded for size
(Font)              <10> on input line 171.
LaTeX Font Info:    External font `lmex10' loaded for size
(Font)              <7> on input line 171.
(./Figures/Chapter_3/ReLU.tex
A tikzpicture has been optimized away. Use '/tikz/external/optimize=false' to di
sable this.
) (./Figures/Chapter_3/LeakyReLU.tex
A tikzpicture has been optimized away. Use '/tikz/external/optimize=false' to di
sable this.
) (./Figures/Chapter_3/ELU.tex
A tikzpicture has been optimized away. Use '/tikz/external/optimize=false' to di
sable this.
) (./Figures/Chapter_3/SiLU.tex
A tikzpicture has been optimized away. Use '/tikz/external/optimize=false' to di
sable this.
) (./Figures/Chapter_3/Tanh.tex
A tikzpicture has been optimized away. Use '/tikz/external/optimize=false' to di
sable this.
)
Overfull \hbox (1820.84918pt too wide) in alignment at lines 167--189
[] [] [] [] []
 []


LaTeX Warning: Citation `torch_ini' on page 16 undefined on input line 193.


LaTeX Warning: Reference `Fig: Downsampling' on page 1 undefined on input line 1
94.


LaTeX Warning: Reference `Fig: Downsampling' on page 1 undefined on input line 1
94.


LaTeX Warning: Citation `Goodfellow' on page 16 undefined on input line 195.


LaTeX Warning: Citation `Pytorch website' on page 16 undefined on input line 195
.


LaTeX Warning: Citation `Goodfellow' on page 16 undefined on input line 195.


LaTeX Warning: Reference `Eq. Discrete Cross Correlation' on page 1 undefined on
 input line 195.


LaTeX Warning: Reference `Eq. Discrete Cross Correlation' on page 1 undefined on
 input line 200.


LaTeX Warning: Reference `Fig: Downsampling' on page 1 undefined on input line 2
00.

(./Figures/Chapter_3/Stride_01.tex
A tikzpicture has been optimized away. Use '/tikz/external/optimize=false' to di
sable this.
) (./Figures/Chapter_3/Stride_02.tex
A tikzpicture has been optimized away. Use '/tikz/external/optimize=false' to di
sable this.
)

LaTeX Warning: Reference `Fig: Kernel' on page 1 undefined on input line 217.


LaTeX Warning: Reference `Fig: Kernel' on page 1 undefined on input line 217.


LaTeX Warning: Reference `Fig:Autoencoder' on page 1 undefined on input line 217
.

(./Figures/Chapter_3/Kernel.tex
A tikzpicture has been optimized away. Use '/tikz/external/optimize=false' to di
sable this.
)

LaTeX Warning: Citation `Goodfellow' on page 17 undefined on input line 224.


LaTeX Warning: Citation `lane_2018' on page 17 undefined on input line 224.


LaTeX Warning: Citation `divyanshu_2020' on page 17 undefined on input line 224.



LaTeX Warning: Reference `Fig: Upsampling(a)' on page 1 undefined on input line 
224.


LaTeX Warning: Reference `Fig: Upsampling(a)' on page 1 undefined on input line 
224.


LaTeX Warning: Reference `Fig: Upsampling(b)' on page 1 undefined on input line 
224.


LaTeX Warning: Citation `dumoulin2018guide' on page 17 undefined on input line 2
36.

(./Figures/Chapter_3/Transpose_even.tex
A tikzpicture has been optimized away. Use '/tikz/external/optimize=false' to di
sable this.
) (./Figures/Chapter_3/Transpose_uneven.tex
A tikzpicture has been optimized away. Use '/tikz/external/optimize=false' to di
sable this.
)

LaTeX Warning: Citation `Goodfellow' on page 17 undefined on input line 253.


LaTeX Warning: Reference `Ch:ApA' on page 1 undefined on input line 253.


LaTeX Warning: Reference `Ch:ApB' on page 1 undefined on input line 253.

)
Underfull \hbox (badness 10000) in paragraph at lines 199--40

 []


Underfull \hbox (badness 10000) in paragraph at lines 199--40

 []

(./chapters/Reduced_order_Modeling.tex
Chapter 4.

LaTeX Warning: Citation `Bernard' on page 21 undefined on input line 9.


LaTeX Warning: Citation `Carlberg' on page 21 undefined on input line 9.


LaTeX Warning: Citation `ohlberger2015reduced' on page 21 undefined on input lin
e 9.


LaTeX Warning: Reference `Ch:BGK' on page 1 undefined on input line 9.


LaTeX Warning: Reference `Ch:DimRedAl' on page 1 undefined on input line 9.


LaTeX Warning: Citation `ohlberger2015reduced' on page 21 undefined on input lin
e 10.


LaTeX Warning: Citation `Carlberg' on page 21 undefined on input line 10.

(./Figures/MOR/flow.tex
A tikzpicture has been optimized away. Use '/tikz/external/optimize=false' to di
sable this.
)

LaTeX Warning: Reference `Ch:BGK' on page 1 undefined on input line 15.


LaTeX Warning: Reference `Ch:BGK' on page 1 undefined on input line 15.

(./Figures/MOR/flow_red.tex
A tikzpicture has been optimized away. Use '/tikz/external/optimize=false' to di
sable this.
)

LaTeX Warning: Reference `Ch:DimRedAl' on page 1 undefined on input line 20.


LaTeX Warning: Reference `Ch:DimRedAl' on page 1 undefined on input line 20.


Underfull \hbox (badness 10000) in paragraph at lines 8--23

 []


LaTeX Warning: Citation `ohlberger2015reduced' on page 22 undefined on input lin
e 29.


LaTeX Warning: Citation `Carlberg' on page 22 undefined on input line 29.


LaTeX Warning: Reference `Sec: POD' on page 1 undefined on input line 29.


LaTeX Warning: Citation `ohlberger2015reduced' on page 22 undefined on input lin
e 29.


LaTeX Warning: Reference `Sec:AE' on page 1 undefined on input line 29.


LaTeX Warning: Reference `Ch:BGK' on page 1 undefined on input line 34.


LaTeX Warning: Citation `ohlberger2015reduced' on page 22 undefined on input lin
e 39.


LaTeX Warning: Reference `Tab:Setup' on page 1 undefined on input line 42.


LaTeX Warning: Reference `Fig:SodProbSetup' on page 1 undefined on input line 42
.


LaTeX Warning: Citation `schaaf' on page 22 undefined on input line 56.


LaTeX Warning: Citation `NumaKUL' on page 22 undefined on input line 56.


LaTeX Warning: Reference `Ch:BGK' on page 1 undefined on input line 56.


LaTeX Warning: Reference `Ch:DimRedAl' on page 1 undefined on input line 58.


LaTeX Warning: Reference `Eq:AE_matrix' on page 1 undefined on input line 58.


LaTeX Warning: Reference `Eq:CNN_matrix' on page 1 undefined on input line 59.


LaTeX Warning: Reference `Ch:ApB' on page 1 undefined on input line 59.


LaTeX Warning: Reference `Ch:ApA' on page 1 undefined on input line 86.


LaTeX Warning: Reference `Ch:ApB' on page 1 undefined on input line 86.


LaTeX Warning: Reference `Fig:CUSUM-e' on page 1 undefined on input line 99.


LaTeX Warning: Reference `Eq:Kolmogorov' on page 1 undefined on input line 100.


LaTeX Warning: Reference `Eq:KolmoAdv' on page 1 undefined on input line 100.


LaTeX Warning: Reference `Ch:BGK' on page 1 undefined on input line 100.

(./Figures/Chapter_4/CumSum_Hydro.tex
A tikzpicture has been optimized away. Use '/tikz/external/optimize=false' to di
sable this.
) (./Figures/Chapter_4/CumSum_Rare.tex
A tikzpicture has been optimized away. Use '/tikz/external/optimize=false' to di
sable this.
)
Underfull \hbox (badness 10000) in paragraph at lines 42--114

 []


Overfull \hbox (3.04163pt too wide) in paragraph at lines 42--114
[]$$[]$\T1/lmr/m/n/10.95 , 
 []


Underfull \hbox (badness 10000) in paragraph at lines 42--114

 []


LaTeX Warning: Reference `Eq:Conservation1' on page 1 undefined on input line 11
5.


LaTeX Warning: Reference `Eq:Conservation3' on page 1 undefined on input line 11
5.


LaTeX Warning: Citation `BGK' on page 24 undefined on input line 115.


LaTeX Warning: Citation `Bernard' on page 24 undefined on input line 115.


LaTeX Warning: Reference `Ch:DimRedAl' on page 1 undefined on input line 117.


LaTeX Warning: Citation `Goodfellow' on page 24 undefined on input line 117.

(./Figures/Chapter_4/Var_iv.tex
A tikzpicture has been optimized away. Use '/tikz/external/optimize=false' to di
sable this.
)

LaTeX Warning: Reference `Fig:IntVar' on page 1 undefined on input line 123.


LaTeX Warning: Reference `Fig:IntVar' on page 1 undefined on input line 123.


LaTeX Warning: Citation `Carlberg' on page 24 undefined on input line 123.


LaTeX Warning: Reference `Eq:EckardYoung' on page 1 undefined on input line 123.



LaTeX Warning: Citation `Kutz' on page 24 undefined on input line 123.


LaTeX Warning: Reference `Fig:IntVar' on page 1 undefined on input line 124.


LaTeX Warning: Reference `Fig:IntVar' on page 1 undefined on input line 126.


LaTeX Warning: Reference `Ch:ApB' on page 1 undefined on input line 126.


Underfull \hbox (badness 10000) in paragraph at lines 115--129

 []

) (./chapters/Results.tex
Chapter 5.

LaTeX Warning: Reference `Tab: Parameters' on page 1 undefined on input line 7.


Underfull \hbox (badness 10000) in paragraph at lines 6--23

 []


LaTeX Warning: Reference `Fig:ErrTime' on page 1 undefined on input line 24.

(./Figures/Chapter_5/ErrTime.tex
A tikzpicture has been optimized away. Use '/tikz/external/optimize=false' to di
sable this.
)

LaTeX Warning: Reference `Fig: ErrWorst' on page 1 undefined on input line 30.

(./Figures/Chapter_5/ErrWorst.tex
A tikzpicture has been optimized away. Use '/tikz/external/optimize=false' to di
sable this.
)

LaTeX Warning: Reference `Ch:BGK' on page 1 undefined on input line 36.


LaTeX Warning: Reference `Fig: ErrWorst' on page 1 undefined on input line 37.


LaTeX Warning: Reference `Fig: ErrWorst' on page 1 undefined on input line 38.

(./Figures/Chapter_5/MacroError.tex
A tikzpicture has been optimized away. Use '/tikz/external/optimize=false' to di
sable this.
)

LaTeX Warning: Reference `Fig:ErrMacro' on page 1 undefined on input line 44.


LaTeX Warning: Reference `Ch:BGK' on page 1 undefined on input line 44.


LaTeX Warning: Reference `Fig:ErrMacro' on page 1 undefined on input line 44.

(./Figures/Chapter_5/Conservation.tex
A tikzpicture has been optimized away. Use '/tikz/external/optimize=false' to di
sable this.
)

LaTeX Warning: Reference `Fig:Conservation' on page 1 undefined on input line 54
.


Underfull \hbox (badness 10000) in paragraph at lines 53--56

 []


LaTeX Warning: Citation `fan2021interpretability' on page 28 undefined on input 
line 57.


LaTeX Warning: Citation `Kutz' on page 28 undefined on input line 57.


LaTeX Warning: Reference `Ch:DimRedAl' on page 1 undefined on input line 57.


LaTeX Warning: Reference `Fig: Macro_hy' on page 1 undefined on input line 58.


LaTeX Warning: Reference `Fig: Macro_rare' on page 1 undefined on input line 58.


(./Figures/Chapter_5/fom_mac_hy.tex
\openout4 = Figures/master-figure30.dpth

Package pgfplots info on input line 46: Using 'lua backend=false' for plot 0 (ty
pe 'graphics'): plot handler does not support LUA.
Package pgfplots info on input line 77: Using 'lua backend=false' for plot 0 (ty
pe 'graphics'): plot handler does not support LUA.
Package pgfplots info on input line 78: Using 'lua backend=false' for plot 0 (ty
pe 'graphics'): plot handler does not support LUA.
Package pgfplots info on input line 109: Using 'lua backend=false' for plot 0 (t
ype 'graphics'): plot handler does not support LUA.
Package pgfplots info on input line 110: Using 'lua backend=false' for plot 0 (t
ype 'graphics'): plot handler does not support LUA.
Package pgfplots info on input line 141: Using 'lua backend=false' for plot 0 (t
ype 'graphics'): plot handler does not support LUA.
Package pgfplots info on input line 142: Using 'lua backend=false' for plot 0 (t
ype 'graphics'): plot handler does not support LUA.
Package pgfplots info on input line 173: Using 'lua backend=false' for plot 0 (t
ype 'graphics'): plot handler does not support LUA.
Package pgfplots info on input line 174: Using 'lua backend=false' for plot 0 (t
ype 'graphics'): plot handler does not support LUA.
Package pgfplots info on input line 191: Using 'lua backend=false' for plot 0 (t
ype 'graphics'): plot handler does not support LUA.
[28

\providecommand \oddpage@label [2]{}


{/var/lib/texmf/fonts/map/pdftex/updmap/pdftex.map}<./Figures/Chapter_5/fom_mac_
hy-000.png><./Figures/Chapter_5/fom_mac_hy-001.png><./Figures/Chapter_5/fom_mac_
hy-002.png><./Figures/Chapter_5/fom_mac_hy-003.png><./Figures/Chapter_5/fom_mac_
hy-004.png>]) (./Figures/Chapter_5/fom_mac_rare.tex
A tikzpicture has been optimized away. Use '/tikz/external/optimize=false' to di
sable this.
) (./Figures/Chapter_5/code_hydro.tex
A tikzpicture has been optimized away. Use '/tikz/external/optimize=false' to di
sable this.
)
Underfull \hbox (badness 10000) in paragraph at lines 57--85

 []

(./Figures/Chapter_5/code_rare.tex
A tikzpicture has been optimized away. Use '/tikz/external/optimize=false' to di
sable this.
) (./Figures/Chapter_5/code_cnn_pod.tex
A tikzpicture has been optimized away. Use '/tikz/external/optimize=false' to di
sable this.
)

LaTeX Warning: Citation `Bernard' on page 29 undefined on input line 96.


LaTeX Warning: Citation `Carlberg' on page 29 undefined on input line 96.

(./Figures/Chapter_5/Hy_Int.tex
A tikzpicture has been optimized away. Use '/tikz/external/optimize=false' to di
sable this.
)
Underfull \hbox (badness 10000) in paragraph at lines 101--102

 []


Package hyperref Warning: Difference (2) between bookmark levels is greater 
(hyperref)                than one, level fixed on input line 102.


LaTeX Warning: Reference `Ch:ApB' on page 1 undefined on input line 103.


LaTeX Warning: Reference `Ch:ROM' on page 1 undefined on input line 103.


LaTeX Warning: Reference `Ch:ROM' on page 1 undefined on input line 104.

) (./appendix/appendixA.tex
Appendix A.

LaTeX Warning: Reference `Ch:ROM' on page 1 undefined on input line 12.


LaTeX Warning: Reference `Ch:DimRedAl' on page 1 undefined on input line 12.


LaTeX Warning: Reference `Tab:First Guess' on page 1 undefined on input line 13.



LaTeX Warning: Reference `Fig:ActScheme' on page 1 undefined on input line 13.

(./Figures/Parameterstudy/Fully_Connected/Activations/act_scheme.tex
A tikzpicture has been optimized away. Use '/tikz/external/optimize=false' to di
sable this.
)

LaTeX Warning: Reference `Fig:Depth' on page 1 undefined on input line 41.


LaTeX Warning: Reference `Tab:Depth' on page 1 undefined on input line 41.


LaTeX Warning: Reference `Fig:Depth' on page 1 undefined on input line 57.


LaTeX Warning: Reference `Fig:Depth' on page 1 undefined on input line 58.


LaTeX Warning: Reference `Tab:Width' on page 1 undefined on input line 76.


LaTeX Warning: Reference `Fig:Width' on page 1 undefined on input line 76.


Underfull \hbox (badness 10000) in paragraph at lines 41--91

 []


LaTeX Warning: Reference `Fig:Width' on page 1 undefined on input line 92.


LaTeX Warning: Reference `Tab:Batch' on page 1 undefined on input line 92.


LaTeX Warning: Reference `Ch:DimRedAl' on page 1 undefined on input line 92.


LaTeX Warning: Reference `Fig:Batch' on page 1 undefined on input line 92.


LaTeX Warning: Reference `Tab:activations' on page 1 undefined on input line 93.



LaTeX Warning: Reference `Fig:Activations' on page 1 undefined on input line 93.



Overfull \hbox (12.01216pt too wide) in paragraph at lines 92--112
\T1/lmr/m/n/10.95 Eight ex-per-i-ments with dif-fer-ent ac-ti-va-tion func-tion
s namely ReLU, ELU, Tanh, SiLU and LeakyReLU
 []


Underfull \hbox (badness 10000) in paragraph at lines 92--112

 []


LaTeX Warning: Reference `Tab:Final' on page 1 undefined on input line 113.

(./Figures/Parameterstudy/Fully_Connected/Depth/hydro_depth.tex
A tikzpicture has been optimized away. Use '/tikz/external/optimize=false' to di
sable this.
) (./Figures/Parameterstudy/Fully_Connected/Depth/rare_depth.tex
A tikzpicture has been optimized away. Use '/tikz/external/optimize=false' to di
sable this.
) (./Figures/Parameterstudy/Fully_Connected/Width/hydro_width.tex
A tikzpicture has been optimized away. Use '/tikz/external/optimize=false' to di
sable this.
) (./Figures/Parameterstudy/Fully_Connected/Width/rare_width.tex
A tikzpicture has been optimized away. Use '/tikz/external/optimize=false' to di
sable this.
) (./Figures/Parameterstudy/Fully_Connected/Batch_Size/hydro_batch.tex
A tikzpicture has been optimized away. Use '/tikz/external/optimize=false' to di
sable this.
) (./Figures/Parameterstudy/Fully_Connected/Batch_Size/rare_batch.tex
A tikzpicture has been optimized away. Use '/tikz/external/optimize=false' to di
sable this.
) (./Figures/Parameterstudy/Fully_Connected/Activations/hydro_act.tex
A tikzpicture has been optimized away. Use '/tikz/external/optimize=false' to di
sable this.
) (./Figures/Parameterstudy/Fully_Connected/Activations/rare_act.tex
A tikzpicture has been optimized away. Use '/tikz/external/optimize=false' to di
sable this.
) (./Figures/Parameterstudy/Fully_Connected/Activations/hydro_act2.tex
A tikzpicture has been optimized away. Use '/tikz/external/optimize=false' to di
sable this.
) (./Figures/Parameterstudy/Fully_Connected/Activations/rare_act2.tex
A tikzpicture has been optimized away. Use '/tikz/external/optimize=false' to di
sable this.
)
Appendix B.

LaTeX Warning: Reference `Tab:small' on page 1 undefined on input line 166.


LaTeX Warning: Reference `Ch:ApA' on page 1 undefined on input line 169.


LaTeX Warning: Reference `Ch:ApA' on page 1 undefined on input line 169.


LaTeX Warning: Reference `Ch:ApA' on page 1 undefined on input line 186.


LaTeX Warning: Reference `Ch:ApA' on page 1 undefined on input line 186.


LaTeX Warning: Reference `Fig:ActScheme' on page 1 undefined on input line 186.


LaTeX Warning: Reference `Ch:DimRedAl' on page 1 undefined on input line 186.


LaTeX Warning: Citation `Carlberg' on page 38 undefined on input line 186.


LaTeX Warning: Citation `Goodfellow' on page 38 undefined on input line 187.


LaTeX Warning: Reference `Ch:DimRedAl' on page 1 undefined on input line 187.


LaTeX Warning: Reference `Tab:kFold' on page 1 undefined on input line 187.


LaTeX Warning: Reference `Fig:kFold' on page 1 undefined on input line 187.


LaTeX Warning: Reference `Ch:ApA' on page 1 undefined on input line 207.


LaTeX Warning: Reference `Tab:Layer' on page 1 undefined on input line 208.


LaTeX Warning: Reference `Ch:DimRedAl' on page 1 undefined on input line 209.


LaTeX Warning: Reference `Tab:Layer' on page 1 undefined on input line 209.

(./Figures/Parameterstudy/Convolutional/kfold.tex
A tikzpicture has been optimized away. Use '/tikz/external/optimize=false' to di
sable this.
)

LaTeX Warning: Reference `Tab:Layer' on page 1 undefined on input line 217.


LaTeX Warning: Reference `Fig:Layer' on page 1 undefined on input line 217.

(./Figures/Parameterstudy/Convolutional/Layer.tex
A tikzpicture has been optimized away. Use '/tikz/external/optimize=false' to di
sable this.
)

LaTeX Warning: Reference `Tab:Batch4' on page 1 undefined on input line 287.


LaTeX Warning: Reference `Fig:Batch' on page 1 undefined on input line 287.

(./Figures/Parameterstudy/Convolutional/Batch.tex
A tikzpicture has been optimized away. Use '/tikz/external/optimize=false' to di
sable this.
)

LaTeX Warning: Citation `Carlberg' on page 41 undefined on input line 310.


LaTeX Warning: Reference `Tab:Channels' on page 1 undefined on input line 310.


LaTeX Warning: Reference `Fig:Channels' on page 1 undefined on input line 310.


Overfull \hbox (6.88399pt too wide) in alignment at lines 314--324
[] [] [] [] [] [] [][][][]
 []

(./Figures/Parameterstudy/Convolutional/Channels.tex
A tikzpicture has been optimized away. Use '/tikz/external/optimize=false' to di
sable this.
)

LaTeX Warning: Reference `Ch:ApA' on page 1 undefined on input line 333.


LaTeX Warning: Reference `Tab:Activations' on page 1 undefined on input line 333
.


LaTeX Warning: Reference `Fig:ActivationsC' on page 1 undefined on input line 33
3.


Overfull \hbox (13.94182pt too wide) in paragraph at lines 338--352
 [][][][] 
 []


LaTeX Warning: Reference `Fig:DataAug' on page 1 undefined on input line 353.


Underfull \hbox (badness 10000) in paragraph at lines 333--354

 []

(./Figures/Parameterstudy/Convolutional/ExpDatAug.tex
A tikzpicture has been optimized away. Use '/tikz/external/optimize=false' to di
sable this.
)

LaTeX Warning: Reference `Tab:DataAug' on page 1 undefined on input line 361.


LaTeX Warning: Reference `Fig:DatAug' on page 1 undefined on input line 361.


LaTeX Warning: Reference `Fig:DatAugSched' on page 1 undefined on input line 361
.

(./Figures/Parameterstudy/Convolutional/DatAug.tex
A tikzpicture has been optimized away. Use '/tikz/external/optimize=false' to di
sable this.
) (./Figures/Parameterstudy/Convolutional/DatAugSchedule.tex
A tikzpicture has been optimized away. Use '/tikz/external/optimize=false' to di
sable this.
) (./Figures/Parameterstudy/Convolutional/2l_activations.tex
A tikzpicture has been optimized away. Use '/tikz/external/optimize=false' to di
sable this.
) (./Figures/Parameterstudy/Convolutional/4l_activations.tex
A tikzpicture has been optimized away. Use '/tikz/external/optimize=false' to di
sable this.
) (./Figures/Parameterstudy/Convolutional/2l_2_activations.tex
A tikzpicture has been optimized away. Use '/tikz/external/optimize=false' to di
sable this.
) (./Figures/Parameterstudy/Convolutional/4l_2_activations.tex
A tikzpicture has been optimized away. Use '/tikz/external/optimize=false' to di
sable this.
))
No file Figures/master-figure30.bbl.
(./back/acknowledgement.tex) (./back/declaration.tex
Underfull \hbox (badness 10000) in paragraph at lines 7--9

 []

)
Package atveryend Info: Empty hook `BeforeClearDocument' on input line 73.
Package atveryend Info: Empty hook `AfterLastShipout' on input line 73.
Package atveryend Info: Executing hook `AtVeryEndDocument' on input line 73.
Package atveryend Info: Empty hook `AtEndAfterFileList' on input line 73.

LaTeX Warning: There were undefined references.

Package atveryend Info: Empty hook `AtVeryVeryEnd' on input line 73.
)

Here is how much of LuaTeX's memory you used:
 46130 strings out of 481365
 195334,7087374 words of node,token memory allocated
 934 words of node memory still in use:
   7 hlist, 2 vlist, 2 rule, 2 glue, 1 kern, 76 attribute, 88 glue_spec, 76 attr
ibute_list, 2 write nodes
   avail lists: 1:3,2:14446,3:4808,4:223,5:954,6:27,7:16220,8:71,9:1202,10:47,11
:1085
 60824 multiletter control sequences out of 65536+600000
 140 fonts using 7923363 bytes
 83i,19n,140p,2788b,3125s stack positions out of 5000i,500n,10000p,200000b,100000s
{/usr/share/texmf/fonts/enc/dvips/lm/lm-mathit.enc}{/usr/share/texmf/fonts/enc/d
vips/lm/lm-rm.enc}</usr/share/texmf/fonts/type1/public/lm/lmmi10.pfb></usr/share
/texmf/fonts/type1/public/lm/lmr10.pfb>
Output written on Figures/master-figure30.pdf (1 page, 56979 bytes).

PDF statistics: 48 PDF objects out of 1000 (max. 8388607)
 25 compressed objects within 1 object stream
 2 named destinations out of 1000 (max. 131072)
 66 words of extra memory for PDF output out of 10000 (max. 100000000)

