This is LuaTeX, Version 1.10.0 (TeX Live 2019/Debian)  (format=lualatex 2020.12.7)  22 JAN 2021 16:20
 system commands enabled.
**introduction.tex introduction.tex
(./introduction.tex
LaTeX2e <2020-02-02> patch level 2
Lua module: luaotfload-main 2020-02-02 3.12 luaotfload entry point
Lua module: luaotfload-init 2020-02-02 3.12 luaotfload submodule / initializatio
n
Lua module: lualibs 2020-02-02 2.70 ConTeXt Lua standard libraries.
Lua module: lualibs-extended 2020-02-02 2.70 ConTeXt Lua libraries -- extended c
ollection.
Lua module: luaotfload-log 2020-02-02 3.12 luaotfload submodule / logging
Lua module: luaotfload-parsers 2020-02-02 3.12 luaotfload submodule / filelist
Lua module: luaotfload-configuration 2020-02-02 3.12 luaotfload submodule / conf
ig file reader
luaotfload | conf : Root cache directory is /home/zachi/.texlive2019/texmf-var/l
uatex-cache/generic-dev/names.
luaotfload | init : Loading fontloader “fontloader-2020-01-26.lua” from kpse
-resolved path “/usr/share/texlive/texmf-dist/tex/luatex/luaotfload/fontloader
-2020-01-26.lua”.
Lua-only attribute luaotfload@state = 2
Lua-only attribute luaotfload@noligature = 3
Lua-only attribute luaotfload@syllabe = 4
luaotfload | init : Context OpenType loader version “3.11”
Inserting `luaotfload.node_processor' at position 1 in `pre_linebreak_filter'.
Inserting `luaotfload.node_processor' at position 1 in `hpack_filter'.
Lua module: luaotfload-loaders 2020-02-02 3.12 luaotfload submodule / callback h
andling
Inserting `luaotfload.define_font' at position 1 in `define_font'.
Lua module: luaotfload-database 2020-02-02 3.12 luaotfload submodule / database
Lua module: luaotfload-unicode 2020-02-02 3.12 luaotfload submodule / Unicode he
lpers
Lua module: luaotfload-colors 2020-02-02 3.12 luaotfload submodule / color
Lua-only attribute luaotfload_color_attribute = 5
Lua module: luaotfload-resolvers 2020-02-02 3.12 luaotfload submodule / resolver
s
luaotfload | conf : Root cache directory is /home/zachi/.texlive2019/texmf-var/l
uatex-cache/generic-dev/names.
Lua module: luaotfload-features 2020-02-02 3.12 luaotfload submodule / features
Lua module: luaotfload-letterspace 2020-02-02 3.12 luaotfload submodule / color
Lua module: luaotfload-embolden 2020-02-02 3.12 luaotfload submodule / color
Lua module: luaotfload-notdef 2020-02-02 3.12 luaotfload submodule / color
Lua module: luaotfload-auxiliary 2020-02-02 3.12 luaotfload submodule / auxiliar
y functions
Inserting `luaotfload.aux.set_sscale_dimens' at position 1 in `luaotfload.patch_
font'.
Inserting `luaotfload.aux.set_font_index' at position 2 in `luaotfload.patch_fon
t'.
Inserting `luaotfload.aux.patch_cambria_domh' at position 3 in `luaotfload.patch
_font'.
Inserting `luaotfload.aux.fixup_fontdata' at position 1 in `luaotfload.patch_fon
t_unsafe'.
Inserting `luaotfload.aux.set_capheight' at position 4 in `luaotfload.patch_font
'.
Inserting `luaotfload.aux.set_xheight' at position 5 in `luaotfload.patch_font'.
Lua module: luaotfload-fallback 2020-02-02 3.12 luaotfload submodule / fallback
Lua module: luaotfload-multiscript 2020-02-02 3.12 luaotfload submodule / multis
cript
Lua module: luaotfload-script 2020-02-02 3.12 luaotfload submodule / Script help
ers
Lua module: luaotfload-tounicode 2020-02-02 3.12 luaotfload submodule / tounicod
e
Inserting `luaotfload.rewrite_fontname' at position 6 in `luaotfload.patch_font'
. L3 programming layer <2020-02-14>
! Undefined control sequence.
l.1 \chapter
          *{Introduction}
The control sequence at the end of the top line
of your error message was never \def'ed. If you have
misspelled it (e.g., `\hobx'), type `I' and the correct
spelling (e.g., `I\hbox'). Otherwise just continue,
and I'll forget about whatever was undefined.


! LaTeX Error: Missing \begin{document}.

See the LaTeX manual or LaTeX Companion for explanation.
Type  H <return>  for immediate help.
 ...                                              
                                                  
l.1 \chapter*
           {Introduction}
You're in trouble here.  Try typing  <return>  to proceed.
If that doesn't work, type  X <return>  to quit.


Overfull \hbox (20.0pt too wide) in paragraph at lines 1--5
[]*Introduction
 []


! LaTeX Error: Missing \begin{document}.

See the LaTeX manual or LaTeX Companion for explanation.
Type  H <return>  for immediate help.
 ...                                              
                                                  
l.7 T
   he Bhatnagar-Gross-Krook equation (BGK) is a kinetic collision model of i...
You're in trouble here.  Try typing  <return>  to proceed.
If that doesn't work, type  X <return>  to quit.

\citation{BGK}
luaotfload | db : Font names database loaded from /home/zachi/.texlive2019/texmf
-var/luatex-cache/generic-dev/names/luaotfload-names.luc

LaTeX Warning: Citation `BGK' on page 1 undefined on input line 7.

! Undefined control sequence.
l.8 \section
          {Objective of this thesis}
The control sequence at the end of the top line
of your error message was never \def'ed. If you have
misspelled it (e.g., `\hobx'), type `I' and the correct
spelling (e.g., `I\hbox'). Otherwise just continue,
and I'll forget about whatever was undefined.

! Undefined control sequence.
l.10 \section
           {Thesis outline}
The control sequence at the end of the top line
of your error message was never \def'ed. If you have
misspelled it (e.g., `\hobx'), type `I' and the correct
spelling (e.g., `I\hbox'). Otherwise just continue,
and I'll forget about whatever was undefined.


Overfull \hbox (20.0pt too wide) in paragraph at lines 7--25
[]The
 []


Overfull \hbox (5.43pt too wide) in paragraph at lines 7--25
[[]].
 []


Overfull \hbox (23.43001pt too wide) in paragraph at lines 7--25
applications[\TU/lmr/bx/n/10 REF\nullfont ].
 []

! Undefined control sequence.
l.26 \section
           {State of the art}
The control sequence at the end of the top line
of your error message was never \def'ed. If you have
misspelled it (e.g., `\hobx'), type `I' and the correct
spelling (e.g., `I\hbox'). Otherwise just continue,
and I'll forget about whatever was undefined.


! LaTeX Error: Missing \begin{document}.

See the LaTeX manual or LaTeX Companion for explanation.
Type  H <return>  for immediate help.
 ...                                              
                                                  
l.26 \section{S
             tate of the art}
You're in trouble here.  Try typing  <return>  to proceed.
If that doesn't work, type  X <return>  to quit.

\citation{Franz}

LaTeX Warning: Citation `Franz' on page 1 undefined on input line 27.

\citation{Kutz}

LaTeX Warning: Citation `Kutz' on page 1 undefined on input line 27.

LaTeX Font Info:    External font `cmex10' loaded for size
(Font)              <7> on input line 27.
LaTeX Font Info:    External font `cmex10' loaded for size
(Font)              <5> on input line 27.

Overfull \hbox (20.0pt too wide) in paragraph at lines 26--28
[]State
 []


Overfull \hbox (10.85999pt too wide) in paragraph at lines 26--28
(SVD)[[]][[]].
 []


Overfull \hbox (4.78937pt too wide) in paragraph at lines 26--28
\OML/cmm/m/it/10 r$\nullfont . 
 []


Overfull \hbox (295.92848pt too wide) detected at line 30
\OML/cmm/m/it/10 f\OT1/cmr/m/n/10 (\OML/cmm/m/it/10 x\OT1/cmr/m/n/10 ) \OMS/cms
y/m/n/10  []\OT1/cmr/m/n/10 (\OML/cmm/m/it/10 x\OT1/cmr/m/n/10 )[][] = [] \OML
/cmm/m/it/10 a[] []\OT1/cmr/m/n/10 (\OML/cmm/m/it/10 x\OT1/cmr/m/n/10 )[]\OML/c
mm/m/it/10  [][]
 []

\citation{Bernard}

LaTeX Warning: Citation `Bernard' on page 1 undefined on input line 31.

\citation{Carlberg}

LaTeX Warning: Citation `Carlberg' on page 1 undefined on input line 31.

\citation{Goodfellow}

LaTeX Warning: Citation `Goodfellow' on page 1 undefined on input line 31.

\citation{Rumelhart}

LaTeX Warning: Citation `Rumelhart' on page 1 undefined on input line 31.

\citation{Ballard}

LaTeX Warning: Citation `Ballard' on page 1 undefined on input line 31.

\citation{Rifai2011}

LaTeX Warning: Citation `Rifai2011' on page 1 undefined on input line 31.

\citation{Rifai2011}

LaTeX Warning: Citation `Rifai2011' on page 1 undefined on input line 31.

\citation{Rifai_2011a}

LaTeX Warning: Citation `Rifai_2011a' on page 1 undefined on input line 31.

\citation{rifai2012generative}

LaTeX Warning: Citation `rifai2012generative' on page 1 undefined on input line 
31.

\citation{bibid}

LaTeX Warning: Citation `bibid' on page 1 undefined on input line 32.

\citation{bibid}

LaTeX Warning: Citation `bibid' on page 1 undefined on input line 32.

\citation{bibid}

LaTeX Warning: Citation `bibid' on page 1 undefined on input line 32.

)
! Emergency stop.
<*> introduction.tex introduction.tex
                                  
*** (job aborted, no legal \end found)



Here is how much of LuaTeX's memory you used:
 38 strings out of 481365
 100000,319454 words of node,token memory allocated 33140 words of node memory still in use:
   67 hlist, 4 vlist, 18 disc, 4 local_par, 1 dir, 5 math, 723 glue, 18 kern, 39
 penalty, 3771 glyph, 77 attribute, 39 glue_spec, 77 attribute_list, 1 temp, 1 w
rite nodes
   avail lists: 2:3,3:28,4:118,5:5,8:25,9:1,10:117
 17250 multiletter control sequences out of 65536+600000
 36 fonts using 4012403 bytes
 18i,3n,19p,2415b,97s stack positions out of 5000i,500n,10000p,200000b,100000s
!  ==> Fatal error occurred, no output PDF file produced!
